Log file open, 10/09/22 13:16:58
LogWindows: Failed to load 'aqProf.dll' (GetLastError=126)
LogWindows: File 'aqProf.dll' does not exist
LogWindows: Failed to load 'VtuneApi.dll' (GetLastError=126)
LogWindows: File 'VtuneApi.dll' does not exist
LogWindows: Failed to load 'VtuneApi32e.dll' (GetLastError=126)
LogWindows: File 'VtuneApi32e.dll' does not exist
LogConsoleResponse: Display: Failed to find resolution value strings in scalability ini. Falling back to default.
LogConsoleResponse: Display: Failed to find resolution value strings in scalability ini. Falling back to default.
LogInit: Display: Running engine for game: UnrealLearningKit
LogPlatformFile: Not using cached read wrapper
LogTaskGraph: Started task graph with 5 named threads and 23 total threads with 3 sets of task threads.
LogStats: Stats thread started at 0.273088
LogICUInternationalization: ICU TimeZone Detection - Raw Offset: -6:00, Platform Override: ''
LogInit: Display: Loading text-based GConfig....
LogPluginManager: Mounting plugin MeshPainting
LogPluginManager: Mounting plugin XGEController
LogPluginManager: Mounting plugin AISupport
LogPluginManager: Mounting plugin Paper2D
LogPluginManager: Mounting plugin EnvironmentQueryEditor
LogPluginManager: Mounting plugin LiveLink
LogPluginManager: Mounting plugin LightPropagationVolume
LogPluginManager: Mounting plugin CameraShakePreviewer
LogPluginManager: Mounting plugin GameplayCameras
LogPluginManager: Mounting plugin OodleNetwork
LogPluginManager: Mounting plugin OodleData
LogPluginManager: Mounting plugin AssetManagerEditor
LogPluginManager: Mounting plugin CryptoKeys
LogPluginManager: Mounting plugin CurveEditorTools
LogPluginManager: Mounting plugin DataValidation
LogPluginManager: Mounting plugin GameplayTagsEditor
LogPluginManager: Mounting plugin GeometryMode
LogPluginManager: Mounting plugin FacialAnimation
LogPluginManager: Mounting plugin MaterialAnalyzer
LogPluginManager: Mounting plugin MacGraphicsSwitching
LogPluginManager: Mounting plugin MobileLauncherProfileWizard
LogPluginManager: Mounting plugin PluginBrowser
LogPluginManager: Mounting plugin SpeedTreeImporter
LogPluginManager: Mounting plugin AnimationSharing
LogPluginManager: Mounting plugin CLionSourceCodeAccess
LogPluginManager: Mounting plugin CodeLiteSourceCodeAccess
LogPluginManager: Mounting plugin GitSourceControl
LogPluginManager: Mounting plugin KDevelopSourceCodeAccess
LogPluginManager: Mounting plugin NullSourceCodeAccess
LogPluginManager: Mounting plugin PerforceSourceControl
LogPluginManager: Mounting plugin PixWinPlugin
LogPluginManager: Mounting plugin PlasticSourceControl
LogPluginManager: Mounting plugin PluginUtils
LogPluginManager: Mounting plugin PropertyAccessNode
LogPluginManager: Mounting plugin RiderSourceCodeAccess
LogPluginManager: Mounting plugin SubversionSourceControl
LogPluginManager: Mounting plugin TextureFormatOodle
LogPluginManager: Mounting plugin UObjectPlugin
LogPluginManager: Mounting plugin VisualStudioCodeSourceCodeAccess
LogPluginManager: Mounting plugin VisualStudioSourceCodeAccess
LogPluginManager: Mounting plugin XCodeSourceCodeAccess
LogPluginManager: Mounting plugin DatasmithContent
LogPluginManager: Mounting plugin Niagara
LogPluginManager: Mounting plugin VariantManagerContent
LogPluginManager: Mounting plugin AlembicImporter
LogPluginManager: Mounting plugin AutomationUtils
LogPluginManager: Mounting plugin BackChannel
LogPluginManager: Mounting plugin ChaosClothEditor
LogPluginManager: Mounting plugin ChaosEditor
LogPluginManager: Mounting plugin ChaosCloth
LogPluginManager: Mounting plugin ChaosNiagara
LogPluginManager: Mounting plugin ChaosSolverPlugin
LogPluginManager: Mounting plugin CharacterAI
LogPluginManager: Mounting plugin GeometryCache
LogPluginManager: Mounting plugin GeometryCollectionPlugin
LogPluginManager: Mounting plugin GeometryProcessing
LogPluginManager: Mounting plugin MotoSynth
LogPluginManager: Mounting plugin OpenImageDenoise
LogPluginManager: Mounting plugin ProxyLODPlugin
LogPluginManager: Mounting plugin PlanarCut
LogPluginManager: Mounting plugin PlatformCrypto
LogPluginManager: Mounting plugin PythonScriptPlugin
LogPluginManager: Mounting plugin SkeletalReduction
LogPluginManager: Mounting plugin LuminPlatformFeatures
LogPluginManager: Mounting plugin MagicLeap
LogPluginManager: Mounting plugin MagicLeapLightEstimation
LogPluginManager: Mounting plugin MagicLeapMedia
LogPluginManager: Mounting plugin MagicLeapPassableWorld
LogPluginManager: Mounting plugin MLSDK
LogPluginManager: Mounting plugin TcpMessaging
LogPluginManager: Mounting plugin UdpMessaging
LogPluginManager: Mounting plugin AndroidMedia
LogPluginManager: Mounting plugin AvfMedia
LogPluginManager: Mounting plugin ImgMedia
LogPluginManager: Mounting plugin MediaCompositing
LogPluginManager: Mounting plugin MediaPlayerEditor
LogPluginManager: Mounting plugin WebMMedia
LogPluginManager: Mounting plugin WmfMedia
LogPluginManager: Mounting plugin ActorLayerUtilities
LogPluginManager: Mounting plugin AndroidDeviceProfileSelector
LogPluginManager: Mounting plugin AndroidMoviePlayer
LogPluginManager: Mounting plugin AndroidPermission
LogPluginManager: Mounting plugin AppleImageUtils
LogPluginManager: Mounting plugin AppleMoviePlayer
LogPluginManager: Mounting plugin AudioCapture
LogPluginManager: Mounting plugin ArchVisCharacter
LogPluginManager: Mounting plugin AssetTags
LogPluginManager: Mounting plugin AudioSynesthesia
LogPluginManager: Mounting plugin CableComponent
LogPluginManager: Mounting plugin ChunkDownloader
LogPluginManager: Mounting plugin CustomMeshComponent
LogPluginManager: Mounting plugin EditableMesh
LogPluginManager: Mounting plugin ExampleDeviceProfileSelector
LogPluginManager: Mounting plugin GoogleCloudMessaging
LogPluginManager: Mounting plugin GooglePAD
LogPluginManager: Mounting plugin IOSDeviceProfileSelector
LogPluginManager: Mounting plugin LinuxDeviceProfileSelector
LogPluginManager: Mounting plugin LocationServicesBPLibrary
LogPluginManager: Mounting plugin MobilePatchingUtils
LogPluginManager: Mounting plugin OpenXRHandTracking
LogPluginManager: Mounting plugin OpenXREyeTracker
LogPluginManager: Mounting plugin OpenXR
LogPluginManager: Mounting plugin PhysXVehicles
LogPluginManager: Mounting plugin PostSplashScreen
LogPluginManager: Mounting plugin PropertyAccessEditor
LogPluginManager: Mounting plugin ProceduralMeshComponent
LogPluginManager: Mounting plugin SignificanceManager
LogPluginManager: Mounting plugin RuntimePhysXCooking
LogPluginManager: Mounting plugin SoundFields
LogPluginManager: Mounting plugin Synthesis
LogPluginManager: Mounting plugin WebMMoviePlayer
LogPluginManager: Mounting plugin WindowsMoviePlayer
LogPluginManager: Mounting plugin OnlineSubsystem
LogPluginManager: Mounting plugin OnlineSubsystemNull
LogPluginManager: Mounting plugin OnlineSubsystemUtils
LogPluginManager: Mounting plugin LauncherChunkInstaller
LogPluginManager: Mounting plugin ScreenshotTools
LogPluginManager: Mounting plugin Takes
LogPluginManager: Mounting plugin ActorSequence
LogPluginManager: Mounting plugin MatineeToLevelSequence
LogPluginManager: Mounting plugin LevelSequenceEditor
LogPluginManager: Mounting plugin TemplateSequence
LogPluginManager: Mounting plugin ContentBrowserAssetDataSource
LogPluginManager: Mounting plugin ContentBrowserClassDataSource
LogPluginManager: Mounting plugin ContentBrowserFileDataSource
LogPluginManager: Mounting plugin OculusVR
LogPluginManager: Mounting plugin SteamVR
LogPluginManager: Mounting plugin OnlineSubsystemGooglePlay
LogPluginManager: Mounting plugin OnlineSubsystemIOS
PixWinPlugin: PIX capture plugin failed to initialize! Check that the process is launched from PIX.
LogInit: Using libcurl 7.55.1-DEV
LogInit:  - built for x86_64-pc-win32
LogInit:  - supports SSL with OpenSSL/1.1.1
LogInit:  - supports HTTP deflate (compression) using libz 1.2.8
LogInit:  - other features:
LogInit:      CURL_VERSION_SSL
LogInit:      CURL_VERSION_LIBZ
LogInit:      CURL_VERSION_IPV6
LogInit:      CURL_VERSION_ASYNCHDNS
LogInit:      CURL_VERSION_LARGEFILE
LogInit:      CURL_VERSION_IDN
LogInit:  CurlRequestOptions (configurable via config and command line):
LogInit:  - bVerifyPeer = true  - Libcurl will verify peer certificate
LogInit:  - bUseHttpProxy = false  - Libcurl will NOT use HTTP proxy
LogInit:  - bDontReuseConnections = false  - Libcurl will reuse connections
LogInit:  - MaxHostConnections = 16  - Libcurl will limit the number of connections to a host
LogInit:  - LocalHostAddr = Default
LogInit:  - BufferSize = 65536
LogOnline: OSS: Creating online subsystem instance for: NULL
LogInit: WinSock: version 1.1 (2.2), MaxSocks=32767, MaxUdp=65467
LogOnline: OSS: TryLoadSubsystemAndSetDefault: Loaded subsystem for module [NULL]
LogOculusPluginWrapper: OculusPlugin initialized successfully
LogHMD: Failed initializing OVRPlugin 1.59.0
LogInit: Build: ++UE4+Release-4.27-CL-18319896
LogInit: Engine Version: 4.27.2-18319896+++UE4+Release-4.27
LogInit: Compatible Engine Version: 4.27.0-17155196+++UE4+Release-4.27
LogInit: Net CL: 17155196
LogInit: OS: Windows 10 (Release 2009) (), CPU: Intel(R) Xeon(R) W-2123 CPU @ 3.60GHz, GPU: NVIDIA GeForce RTX 2080 Ti
LogInit: Compiled (64-bit): Nov 30 2021 07:12:08
LogInit: Compiled with Visual C++: 19.24.28315.00
LogInit: Build Configuration: Development
LogInit: Branch Name: ++UE4+Release-4.27
LogInit: Command Line: 
LogInit: Base Directory: C:/Program Files/Epic Games/UE_4.27/Engine/Binaries/Win64/
LogInit: Allocator: TBB
LogInit: Installed Engine Build: 1
LogDevObjectVersion: Number of dev versions registered: 29
LogDevObjectVersion:   Dev-Blueprints (B0D832E4-1F89-4F0D-ACCF-7EB736FD4AA2): 10
LogDevObjectVersion:   Dev-Build (E1C64328-A22C-4D53-A36C-8E866417BD8C): 0
LogDevObjectVersion:   Dev-Core (375EC13C-06E4-48FB-B500-84F0262A717E): 4
LogDevObjectVersion:   Dev-Editor (E4B068ED-F494-42E9-A231-DA0B2E46BB41): 40
LogDevObjectVersion:   Dev-Framework (CFFC743F-43B0-4480-9391-14DF171D2073): 37
LogDevObjectVersion:   Dev-Mobile (B02B49B5-BB20-44E9-A304-32B752E40360): 3
LogDevObjectVersion:   Dev-Networking (A4E4105C-59A1-49B5-A7C5-40C4547EDFEE): 0
LogDevObjectVersion:   Dev-Online (39C831C9-5AE6-47DC-9A44-9C173E1C8E7C): 0
LogDevObjectVersion:   Dev-Physics (78F01B33-EBEA-4F98-B9B4-84EACCB95AA2): 14
LogDevObjectVersion:   Dev-Platform (6631380F-2D4D-43E0-8009-CF276956A95A): 0
LogDevObjectVersion:   Dev-Rendering (12F88B9F-8875-4AFC-A67C-D90C383ABD29): 45
LogDevObjectVersion:   Dev-Sequencer (7B5AE74C-D270-4C10-A958-57980B212A5A): 13
LogDevObjectVersion:   Dev-VR (D7296918-1DD6-4BDD-9DE2-64A83CC13884): 3
LogDevObjectVersion:   Dev-LoadTimes (C2A15278-BFE7-4AFE-6C17-90FF531DF755): 1
LogDevObjectVersion:   Private-Geometry (6EACA3D4-40EC-4CC1-B786-8BED09428FC5): 3
LogDevObjectVersion:   Dev-AnimPhys (29E575DD-E0A3-4627-9D10-D276232CDCEA): 17
LogDevObjectVersion:   Dev-Anim (AF43A65D-7FD3-4947-9873-3E8ED9C1BB05): 15
LogDevObjectVersion:   Dev-ReflectionCapture (6B266CEC-1EC7-4B8F-A30B-E4D90942FC07): 1
LogDevObjectVersion:   Dev-Automation (0DF73D61-A23F-47EA-B727-89E90C41499A): 1
LogDevObjectVersion:   FortniteMain (601D1886-AC64-4F84-AA16-D3DE0DEAC7D6): 47
LogDevObjectVersion:   FortniteRelease (E7086368-6B23-4C58-8439-1B7016265E91): 1
LogDevObjectVersion:   Dev-Enterprise (9DFFBCD6-494F-0158-E221-12823C92A888): 10
LogDevObjectVersion:   Dev-Niagara (F2AED0AC-9AFE-416F-8664-AA7FFA26D6FC): 1
LogDevObjectVersion:   Dev-Destruction (174F1F0B-B4C6-45A5-B13F-2EE8D0FB917D): 10
LogDevObjectVersion:   Dev-Physics-Ext (35F94A83-E258-406C-A318-09F59610247C): 41
LogDevObjectVersion:   Dev-PhysicsMaterial-Chaos (B68FC16E-8B1B-42E2-B453-215C058844FE): 1
LogDevObjectVersion:   Dev-CineCamera (B2E18506-4273-CFC2-A54E-F4BB758BBA07): 1
LogDevObjectVersion:   Dev-VirtualProduction (64F58936-FD1B-42BA-BA96-7289D5D0FA4E): 1
LogDevObjectVersion:   Dev-MediaFramework (6F0ED827-A609-4895-9C91-998D90180EA4): 2
LogInit: Presizing for max 25165824 objects, including 0 objects not considered by GC, pre-allocating 0 bytes for permanent pool.
LogConfig: Applying CVar settings from Section [/Script/Engine.StreamingSettings] File [C:/Users/sejal2/Documents/level-design/UnrealLearningKit/Saved/Config/Windows/Engine.ini]
LogConfig: Setting CVar [[s.MinBulkDataSizeForAsyncLoading:131072]]
LogConfig: Setting CVar [[s.AsyncLoadingThreadEnabled:0]]
LogConfig: Setting CVar [[s.EventDrivenLoaderEnabled:1]]
LogConfig: Setting CVar [[s.WarnIfTimeLimitExceeded:0]]
LogConfig: Setting CVar [[s.TimeLimitExceededMultiplier:1.5]]
LogConfig: Setting CVar [[s.TimeLimitExceededMinTime:0.005]]
LogConfig: Setting CVar [[s.UseBackgroundLevelStreaming:1]]
LogConfig: Setting CVar [[s.PriorityAsyncLoadingExtraTime:15.0]]
LogConfig: Setting CVar [[s.LevelStreamingActorsUpdateTimeLimit:5.0]]
LogConfig: Setting CVar [[s.PriorityLevelStreamingActorsUpdateExtraTime:5.0]]
LogConfig: Setting CVar [[s.LevelStreamingComponentsRegistrationGranularity:10]]
LogConfig: Setting CVar [[s.UnregisterComponentsTimeLimit:1.0]]
LogConfig: Setting CVar [[s.LevelStreamingComponentsUnregistrationGranularity:5]]
LogConfig: Setting CVar [[s.FlushStreamingOnExit:1]]
LogInit: Object subsystem initialized
LogConfig: Setting CVar [[con.DebugEarlyDefault:1]]
LogConfig: Setting CVar [[r.setres:1280x720]]
[2022.10.09-18.16.59:987][  0]LogConfig: Setting CVar [[r.VSync:0]]
[2022.10.09-18.16.59:987][  0]LogConfig: Setting CVar [[r.RHICmdBypass:0]]
[2022.10.09-18.16.59:987][  0]LogConfig: Applying CVar settings from Section [/Script/Engine.RendererSettings] File [C:/Users/sejal2/Documents/level-design/UnrealLearningKit/Saved/Config/Windows/Engine.ini]
[2022.10.09-18.16.59:987][  0]LogConfig: Setting CVar [[r.GPUCrashDebugging:0]]
[2022.10.09-18.16.59:987][  0]LogConfig: Setting CVar [[r.MobileMSAA:4]]
[2022.10.09-18.16.59:987][  0]LogConfig: Setting CVar [[r.Mobile.AmbientOcclusion:1]]
[2022.10.09-18.16.59:987][  0]LogConfig: Setting CVar [[r.GenerateMeshDistanceFields:1]]
[2022.10.09-18.16.59:987][  0]LogConfig: Setting CVar [[r.SSGI.Enable:1]]
[2022.10.09-18.16.59:988][  0]LogConfig: Setting CVar [[r.SupportAtmosphericFog:0]]
[2022.10.09-18.16.59:988][  0]LogConfig: Setting CVar [[r.SupportSkyAtmosphereAffectsHeightFog:1]]
[2022.10.09-18.16.59:988][  0]LogConfig: Setting CVar [[r.Mobile.DisableVertexFog:0]]
[2022.10.09-18.16.59:988][  0]LogConfig: Setting CVar [[r.SupportStationarySkylight:0]]
[2022.10.09-18.16.59:988][  0]LogConfig: Setting CVar [[r.SupportLowQualityLightmaps:0]]
[2022.10.09-18.16.59:988][  0]LogConfig: Applying CVar settings from Section [/Script/Engine.RendererOverrideSettings] File [C:/Users/sejal2/Documents/level-design/UnrealLearningKit/Saved/Config/Windows/Engine.ini]
[2022.10.09-18.16.59:988][  0]LogConfig: Applying CVar settings from Section [/Script/Engine.StreamingSettings] File [C:/Users/sejal2/Documents/level-design/UnrealLearningKit/Saved/Config/Windows/Engine.ini]
[2022.10.09-18.16.59:988][  0]LogConfig: Setting CVar [[s.MinBulkDataSizeForAsyncLoading:131072]]
[2022.10.09-18.16.59:988][  0]LogConfig: Setting CVar [[s.AsyncLoadingThreadEnabled:0]]
[2022.10.09-18.16.59:988][  0]LogConfig: Setting CVar [[s.EventDrivenLoaderEnabled:1]]
[2022.10.09-18.16.59:988][  0]LogConfig: Setting CVar [[s.WarnIfTimeLimitExceeded:0]]
[2022.10.09-18.16.59:988][  0]LogConfig: Setting CVar [[s.TimeLimitExceededMultiplier:1.5]]
[2022.10.09-18.16.59:988][  0]LogConfig: Setting CVar [[s.TimeLimitExceededMinTime:0.005]]
[2022.10.09-18.16.59:988][  0]LogConfig: Setting CVar [[s.UseBackgroundLevelStreaming:1]]
[2022.10.09-18.16.59:988][  0]LogConfig: Setting CVar [[s.PriorityAsyncLoadingExtraTime:15.0]]
[2022.10.09-18.16.59:988][  0]LogConfig: Setting CVar [[s.LevelStreamingActorsUpdateTimeLimit:5.0]]
[2022.10.09-18.16.59:988][  0]LogConfig: Setting CVar [[s.PriorityLevelStreamingActorsUpdateExtraTime:5.0]]
[2022.10.09-18.16.59:988][  0]LogConfig: Setting CVar [[s.LevelStreamingComponentsRegistrationGranularity:10]]
[2022.10.09-18.16.59:988][  0]LogConfig: Setting CVar [[s.UnregisterComponentsTimeLimit:1.0]]
[2022.10.09-18.16.59:988][  0]LogConfig: Setting CVar [[s.LevelStreamingComponentsUnregistrationGranularity:5]]
[2022.10.09-18.16.59:988][  0]LogConfig: Setting CVar [[s.FlushStreamingOnExit:1]]
[2022.10.09-18.16.59:988][  0]LogConfig: Applying CVar settings from Section [/Script/Engine.GarbageCollectionSettings] File [C:/Users/sejal2/Documents/level-design/UnrealLearningKit/Saved/Config/Windows/Engine.ini]
[2022.10.09-18.16.59:988][  0]LogConfig: Setting CVar [[gc.MaxObjectsNotConsideredByGC:1]]
[2022.10.09-18.16.59:988][  0]LogConfig: Setting CVar [[gc.SizeOfPermanentObjectPool:0]]
[2022.10.09-18.16.59:988][  0]LogConfig: Setting CVar [[gc.FlushStreamingOnGC:0]]
[2022.10.09-18.16.59:988][  0]LogConfig: Setting CVar [[gc.NumRetriesBeforeForcingGC:10]]
[2022.10.09-18.16.59:988][  0]LogConfig: Setting CVar [[gc.AllowParallelGC:1]]
[2022.10.09-18.16.59:988][  0]LogConfig: Setting CVar [[gc.TimeBetweenPurgingPendingKillObjects:61.1]]
[2022.10.09-18.16.59:988][  0]LogConfig: Setting CVar [[gc.MaxObjectsInEditor:25165824]]
[2022.10.09-18.16.59:988][  0]LogConfig: Setting CVar [[gc.IncrementalBeginDestroyEnabled:1]]
[2022.10.09-18.16.59:988][  0]LogConfig: Setting CVar [[gc.CreateGCClusters:1]]
[2022.10.09-18.16.59:988][  0]LogConfig: Setting CVar [[gc.MinGCClusterSize:5]]
[2022.10.09-18.16.59:988][  0]LogConfig: Setting CVar [[gc.ActorClusteringEnabled:0]]
[2022.10.09-18.16.59:988][  0]LogConfig: Setting CVar [[gc.BlueprintClusteringEnabled:0]]
[2022.10.09-18.16.59:988][  0]LogConfig: Setting CVar [[gc.UseDisregardForGCOnDedicatedServers:0]]
[2022.10.09-18.16.59:988][  0]LogConfig: Setting CVar [[gc.MultithreadedDestructionEnabled:1]]
[2022.10.09-18.16.59:988][  0]LogConfig: Applying CVar settings from Section [/Script/Engine.NetworkSettings] File [C:/Users/sejal2/Documents/level-design/UnrealLearningKit/Saved/Config/Windows/Engine.ini]
[2022.10.09-18.16.59:988][  0]LogConfig: Applying CVar settings from Section [/Script/UnrealEd.CookerSettings] File [C:/Users/sejal2/Documents/level-design/UnrealLearningKit/Saved/Config/Windows/Engine.ini]
[2022.10.09-18.17.00:016][  0]LogConfig: Applying CVar settings from Section [ViewDistanceQuality@3] File [C:/Users/sejal2/Documents/level-design/UnrealLearningKit/Saved/Config/Windows/Scalability.ini]
[2022.10.09-18.17.00:016][  0]LogConfig: Setting CVar [[r.SkeletalMeshLODBias:0]]
[2022.10.09-18.17.00:016][  0]LogConfig: Setting CVar [[r.ViewDistanceScale:1.0]]
[2022.10.09-18.17.00:016][  0]LogConfig: Applying CVar settings from Section [AntiAliasingQuality@3] File [C:/Users/sejal2/Documents/level-design/UnrealLearningKit/Saved/Config/Windows/Scalability.ini]
[2022.10.09-18.17.00:016][  0]LogConfig: Setting CVar [[r.PostProcessAAQuality:4]]
[2022.10.09-18.17.00:016][  0]LogConfig: Applying CVar settings from Section [ShadowQuality@3] File [C:/Users/sejal2/Documents/level-design/UnrealLearningKit/Saved/Config/Windows/Scalability.ini]
[2022.10.09-18.17.00:016][  0]LogConfig: Setting CVar [[r.LightFunctionQuality:1]]
[2022.10.09-18.17.00:016][  0]LogConfig: Setting CVar [[r.ShadowQuality:5]]
[2022.10.09-18.17.00:016][  0]LogConfig: Setting CVar [[r.Shadow.CSM.MaxCascades:10]]
[2022.10.09-18.17.00:016][  0]LogConfig: Setting CVar [[r.Shadow.MaxResolution:2048]]
[2022.10.09-18.17.00:016][  0]LogConfig: Setting CVar [[r.Shadow.MaxCSMResolution:2048]]
[2022.10.09-18.17.00:016][  0]LogConfig: Setting CVar [[r.Shadow.RadiusThreshold:0.01]]
[2022.10.09-18.17.00:016][  0]LogConfig: Setting CVar [[r.Shadow.DistanceScale:1.0]]
[2022.10.09-18.17.00:016][  0]LogConfig: Setting CVar [[r.Shadow.CSM.TransitionScale:1.0]]
[2022.10.09-18.17.00:016][  0]LogConfig: Setting CVar [[r.Shadow.PreShadowResolutionFactor:1.0]]
[2022.10.09-18.17.00:016][  0]LogConfig: Setting CVar [[r.DistanceFieldShadowing:1]]
[2022.10.09-18.17.00:016][  0]LogConfig: Setting CVar [[r.DistanceFieldAO:1]]
[2022.10.09-18.17.00:016][  0]LogConfig: Setting CVar [[r.AOQuality:2]]
[2022.10.09-18.17.00:016][  0]LogConfig: Setting CVar [[r.VolumetricFog:1]]
[2022.10.09-18.17.00:016][  0]LogConfig: Setting CVar [[r.VolumetricFog.GridPixelSize:8]]
[2022.10.09-18.17.00:016][  0]LogConfig: Setting CVar [[r.VolumetricFog.GridSizeZ:128]]
[2022.10.09-18.17.00:016][  0]LogConfig: Setting CVar [[r.VolumetricFog.HistoryMissSupersampleCount:4]]
[2022.10.09-18.17.00:016][  0]LogConfig: Setting CVar [[r.LightMaxDrawDistanceScale:1]]
[2022.10.09-18.17.00:016][  0]LogConfig: Setting CVar [[r.CapsuleShadows:1]]
[2022.10.09-18.17.00:017][  0]LogConfig: Applying CVar settings from Section [PostProcessQuality@3] File [C:/Users/sejal2/Documents/level-design/UnrealLearningKit/Saved/Config/Windows/Scalability.ini]
[2022.10.09-18.17.00:017][  0]LogConfig: Setting CVar [[r.MotionBlurQuality:4]]
[2022.10.09-18.17.00:017][  0]LogConfig: Setting CVar [[r.AmbientOcclusionMipLevelFactor:0.4]]
[2022.10.09-18.17.00:017][  0]LogConfig: Setting CVar [[r.AmbientOcclusionMaxQuality:100]]
[2022.10.09-18.17.00:017][  0]LogConfig: Setting CVar [[r.AmbientOcclusionLevels:-1]]
[2022.10.09-18.17.00:017][  0]LogConfig: Setting CVar [[r.AmbientOcclusionRadiusScale:1.0]]
[2022.10.09-18.17.00:017][  0]LogConfig: Setting CVar [[r.DepthOfFieldQuality:2]]
[2022.10.09-18.17.00:017][  0]LogConfig: Setting CVar [[r.RenderTargetPoolMin:400]]
[2022.10.09-18.17.00:017][  0]LogConfig: Setting CVar [[r.LensFlareQuality:2]]
[2022.10.09-18.17.00:017][  0]LogConfig: Setting CVar [[r.SceneColorFringeQuality:1]]
[2022.10.09-18.17.00:017][  0]LogConfig: Setting CVar [[r.EyeAdaptationQuality:2]]
[2022.10.09-18.17.00:017][  0]LogConfig: Setting CVar [[r.BloomQuality:5]]
[2022.10.09-18.17.00:017][  0]LogConfig: Setting CVar [[r.FastBlurThreshold:100]]
[2022.10.09-18.17.00:017][  0]LogConfig: Setting CVar [[r.Upscale.Quality:3]]
[2022.10.09-18.17.00:017][  0]LogConfig: Setting CVar [[r.Tonemapper.GrainQuantization:1]]
[2022.10.09-18.17.00:017][  0]LogConfig: Setting CVar [[r.LightShaftQuality:1]]
[2022.10.09-18.17.00:017][  0]LogConfig: Setting CVar [[r.Filter.SizeScale:1]]
[2022.10.09-18.17.00:017][  0]LogConfig: Setting CVar [[r.Tonemapper.Quality:5]]
[2022.10.09-18.17.00:017][  0]LogConfig: Setting CVar [[r.DOF.Gather.AccumulatorQuality:1        ; higher gathering accumulator quality]]
[2022.10.09-18.17.00:017][  0]LogConfig: Setting CVar [[r.DOF.Gather.PostfilterMethod:1          ; Median3x3 postfilering method]]
[2022.10.09-18.17.00:017][  0]LogConfig: Setting CVar [[r.DOF.Gather.EnableBokehSettings:0       ; no bokeh simulation when gathering]]
[2022.10.09-18.17.00:017][  0]LogConfig: Setting CVar [[r.DOF.Gather.RingCount:4                 ; medium number of samples when gathering]]
[2022.10.09-18.17.00:017][  0]LogConfig: Setting CVar [[r.DOF.Scatter.ForegroundCompositing:1    ; additive foreground scattering]]
[2022.10.09-18.17.00:017][  0]LogConfig: Setting CVar [[r.DOF.Scatter.BackgroundCompositing:2    ; additive background scattering]]
[2022.10.09-18.17.00:017][  0]LogConfig: Setting CVar [[r.DOF.Scatter.EnableBokehSettings:1      ; bokeh simulation when scattering]]
[2022.10.09-18.17.00:017][  0]LogConfig: Setting CVar [[r.DOF.Scatter.MaxSpriteRatio:0.1         ; only a maximum of 10% of scattered bokeh]]
[2022.10.09-18.17.00:017][  0]LogConfig: Setting CVar [[r.DOF.Recombine.Quality:1                ; cheap slight out of focus]]
[2022.10.09-18.17.00:017][  0]LogConfig: Setting CVar [[r.DOF.Recombine.EnableBokehSettings:0    ; no bokeh simulation on slight out of focus]]
[2022.10.09-18.17.00:017][  0]LogConfig: Setting CVar [[r.DOF.TemporalAAQuality:1                ; more stable temporal accumulation]]
[2022.10.09-18.17.00:017][  0]LogConfig: Setting CVar [[r.DOF.Kernel.MaxForegroundRadius:0.025]]
[2022.10.09-18.17.00:017][  0]LogConfig: Setting CVar [[r.DOF.Kernel.MaxBackgroundRadius:0.025]]
[2022.10.09-18.17.00:017][  0]LogConfig: Applying CVar settings from Section [TextureQuality@3] File [C:/Users/sejal2/Documents/level-design/UnrealLearningKit/Saved/Config/Windows/Scalability.ini]
[2022.10.09-18.17.00:017][  0]LogConfig: Setting CVar [[r.Streaming.MipBias:0]]
[2022.10.09-18.17.00:017][  0]LogConfig: Setting CVar [[r.Streaming.AmortizeCPUToGPUCopy:0]]
[2022.10.09-18.17.00:017][  0]LogConfig: Setting CVar [[r.Streaming.MaxNumTexturesToStreamPerFrame:0]]
[2022.10.09-18.17.00:017][  0]LogConfig: Setting CVar [[r.Streaming.Boost:1]]
[2022.10.09-18.17.00:017][  0]LogConfig: Setting CVar [[r.MaxAnisotropy:8]]
[2022.10.09-18.17.00:017][  0]LogConfig: Setting CVar [[r.VT.MaxAnisotropy:8]]
[2022.10.09-18.17.00:017][  0]LogConfig: Setting CVar [[r.Streaming.LimitPoolSizeToVRAM:0]]
[2022.10.09-18.17.00:017][  0]LogConfig: Setting CVar [[r.Streaming.PoolSize:1000]]
[2022.10.09-18.17.00:017][  0]LogConfig: Setting CVar [[r.Streaming.MaxEffectiveScreenSize:0]]
[2022.10.09-18.17.00:017][  0]LogConfig: Applying CVar settings from Section [EffectsQuality@3] File [C:/Users/sejal2/Documents/level-design/UnrealLearningKit/Saved/Config/Windows/Scalability.ini]
[2022.10.09-18.17.00:017][  0]LogConfig: Setting CVar [[r.TranslucencyLightingVolumeDim:64]]
[2022.10.09-18.17.00:017][  0]LogConfig: Setting CVar [[r.RefractionQuality:2]]
[2022.10.09-18.17.00:017][  0]LogConfig: Setting CVar [[r.SSR.Quality:3]]
[2022.10.09-18.17.00:017][  0]LogConfig: Setting CVar [[r.SSR.HalfResSceneColor:0]]
[2022.10.09-18.17.00:017][  0]LogConfig: Setting CVar [[r.SceneColorFormat:4]]
[2022.10.09-18.17.00:017][  0]LogConfig: Setting CVar [[r.DetailMode:2]]
[2022.10.09-18.17.00:017][  0]LogConfig: Setting CVar [[r.TranslucencyVolumeBlur:1]]
[2022.10.09-18.17.00:017][  0]LogConfig: Setting CVar [[r.MaterialQualityLevel:1 ; High quality]]
[2022.10.09-18.17.00:017][  0]LogConfig: Setting CVar [[r.AnisotropicMaterials:1]]
[2022.10.09-18.17.00:017][  0]LogConfig: Setting CVar [[r.SSS.Scale:1]]
[2022.10.09-18.17.00:017][  0]LogConfig: Setting CVar [[r.SSS.SampleSet:2]]
[2022.10.09-18.17.00:017][  0]LogConfig: Setting CVar [[r.SSS.Quality:1]]
[2022.10.09-18.17.00:017][  0]LogConfig: Setting CVar [[r.SSS.HalfRes:0]]
[2022.10.09-18.17.00:017][  0]LogConfig: Setting CVar [[r.SSGI.Quality:3]]
[2022.10.09-18.17.00:017][  0]LogConfig: Setting CVar [[r.EmitterSpawnRateScale:1.0]]
[2022.10.09-18.17.00:017][  0]LogConfig: Setting CVar [[r.ParticleLightQuality:2]]
[2022.10.09-18.17.00:017][  0]LogConfig: Setting CVar [[r.SkyAtmosphere.AerialPerspectiveLUT.FastApplyOnOpaque:1 ; Always have FastSkyLUT 1 in this case to avoid wrong sky]]
[2022.10.09-18.17.00:017][  0]LogConfig: Setting CVar [[r.SkyAtmosphere.AerialPerspectiveLUT.SampleCountMaxPerSlice:4]]
[2022.10.09-18.17.00:017][  0]LogConfig: Setting CVar [[r.SkyAtmosphere.AerialPerspectiveLUT.DepthResolution:16.0]]
[2022.10.09-18.17.00:017][  0]LogConfig: Setting CVar [[r.SkyAtmosphere.FastSkyLUT:1]]
[2022.10.09-18.17.00:018][  0]LogConfig: Setting CVar [[r.SkyAtmosphere.FastSkyLUT.SampleCountMin:4.0]]
[2022.10.09-18.17.00:018][  0]LogConfig: Setting CVar [[r.SkyAtmosphere.FastSkyLUT.SampleCountMax:128.0]]
[2022.10.09-18.17.00:018][  0]LogConfig: Setting CVar [[r.SkyAtmosphere.SampleCountMin:4.0]]
[2022.10.09-18.17.00:018][  0]LogConfig: Setting CVar [[r.SkyAtmosphere.SampleCountMax:128.0]]
[2022.10.09-18.17.00:018][  0]LogConfig: Setting CVar [[r.SkyAtmosphere.TransmittanceLUT.UseSmallFormat:0]]
[2022.10.09-18.17.00:018][  0]LogConfig: Setting CVar [[r.SkyAtmosphere.TransmittanceLUT.SampleCount:10.0]]
[2022.10.09-18.17.00:018][  0]LogConfig: Setting CVar [[r.SkyAtmosphere.MultiScatteringLUT.SampleCount:15.0]]
[2022.10.09-18.17.00:018][  0]LogConfig: Setting CVar [[r.SkyLight.RealTimeReflectionCapture:1]]
[2022.10.09-18.17.00:018][  0]LogConfig: Applying CVar settings from Section [FoliageQuality@3] File [C:/Users/sejal2/Documents/level-design/UnrealLearningKit/Saved/Config/Windows/Scalability.ini]
[2022.10.09-18.17.00:018][  0]LogConfig: Setting CVar [[foliage.DensityScale:1.0]]
[2022.10.09-18.17.00:018][  0]LogConfig: Setting CVar [[grass.DensityScale:1.0]]
[2022.10.09-18.17.00:018][  0]LogConfig: Applying CVar settings from Section [ShadingQuality@3] File [C:/Users/sejal2/Documents/level-design/UnrealLearningKit/Saved/Config/Windows/Scalability.ini]
[2022.10.09-18.17.00:018][  0]LogConfig: Setting CVar [[r.HairStrands.SkyLighting.IntegrationType:2]]
[2022.10.09-18.17.00:018][  0]LogConfig: Setting CVar [[r.HairStrands.SkyAO.SampleCount:4]]
[2022.10.09-18.17.00:018][  0]LogConfig: Setting CVar [[r.HairStrands.Visibility.MSAA.SamplePerPixel:4]]
[2022.10.09-18.17.00:018][  0]LogInit: Selected Device Profile: [Windows]
[2022.10.09-18.17.00:018][  0]LogInit: Applying CVar settings loaded from the selected device profile: [Windows]
[2022.10.09-18.17.00:018][  0]LogHAL: Display: Platform has ~ 16 GB [16885571584 / 17179869184 / 16], which maps to Larger [LargestMinGB=32, LargerMinGB=12, DefaultMinGB=8, SmallerMinGB=6, SmallestMinGB=0)
[2022.10.09-18.17.00:018][  0]LogInit: Going up to parent DeviceProfile []
[2022.10.09-18.17.00:018][  0]LogConfig: Applying CVar settings from Section [ViewDistanceQuality@3] File [C:/Users/sejal2/Documents/level-design/UnrealLearningKit/Saved/Config/Windows/Scalability.ini]
[2022.10.09-18.17.00:018][  0]LogConfig: Setting CVar [[r.SkeletalMeshLODBias:0]]
[2022.10.09-18.17.00:018][  0]LogConfig: Setting CVar [[r.ViewDistanceScale:1.0]]
[2022.10.09-18.17.00:018][  0]LogConfig: Applying CVar settings from Section [AntiAliasingQuality@3] File [C:/Users/sejal2/Documents/level-design/UnrealLearningKit/Saved/Config/Windows/Scalability.ini]
[2022.10.09-18.17.00:018][  0]LogConfig: Setting CVar [[r.PostProcessAAQuality:4]]
[2022.10.09-18.17.00:018][  0]LogConfig: Applying CVar settings from Section [ShadowQuality@3] File [C:/Users/sejal2/Documents/level-design/UnrealLearningKit/Saved/Config/Windows/Scalability.ini]
[2022.10.09-18.17.00:018][  0]LogConfig: Setting CVar [[r.LightFunctionQuality:1]]
[2022.10.09-18.17.00:018][  0]LogConfig: Setting CVar [[r.ShadowQuality:5]]
[2022.10.09-18.17.00:018][  0]LogConfig: Setting CVar [[r.Shadow.CSM.MaxCascades:10]]
[2022.10.09-18.17.00:018][  0]LogConfig: Setting CVar [[r.Shadow.MaxResolution:2048]]
[2022.10.09-18.17.00:018][  0]LogConfig: Setting CVar [[r.Shadow.MaxCSMResolution:2048]]
[2022.10.09-18.17.00:018][  0]LogConfig: Setting CVar [[r.Shadow.RadiusThreshold:0.01]]
[2022.10.09-18.17.00:018][  0]LogConfig: Setting CVar [[r.Shadow.DistanceScale:1.0]]
[2022.10.09-18.17.00:018][  0]LogConfig: Setting CVar [[r.Shadow.CSM.TransitionScale:1.0]]
[2022.10.09-18.17.00:018][  0]LogConfig: Setting CVar [[r.Shadow.PreShadowResolutionFactor:1.0]]
[2022.10.09-18.17.00:018][  0]LogConfig: Setting CVar [[r.DistanceFieldShadowing:1]]
[2022.10.09-18.17.00:018][  0]LogConfig: Setting CVar [[r.DistanceFieldAO:1]]
[2022.10.09-18.17.00:018][  0]LogConfig: Setting CVar [[r.AOQuality:2]]
[2022.10.09-18.17.00:018][  0]LogConfig: Setting CVar [[r.VolumetricFog:1]]
[2022.10.09-18.17.00:018][  0]LogConfig: Setting CVar [[r.VolumetricFog.GridPixelSize:8]]
[2022.10.09-18.17.00:018][  0]LogConfig: Setting CVar [[r.VolumetricFog.GridSizeZ:128]]
[2022.10.09-18.17.00:018][  0]LogConfig: Setting CVar [[r.VolumetricFog.HistoryMissSupersampleCount:4]]
[2022.10.09-18.17.00:018][  0]LogConfig: Setting CVar [[r.LightMaxDrawDistanceScale:1]]
[2022.10.09-18.17.00:018][  0]LogConfig: Setting CVar [[r.CapsuleShadows:1]]
[2022.10.09-18.17.00:018][  0]LogConfig: Applying CVar settings from Section [PostProcessQuality@3] File [C:/Users/sejal2/Documents/level-design/UnrealLearningKit/Saved/Config/Windows/Scalability.ini]
[2022.10.09-18.17.00:018][  0]LogConfig: Setting CVar [[r.MotionBlurQuality:4]]
[2022.10.09-18.17.00:018][  0]LogConfig: Setting CVar [[r.AmbientOcclusionMipLevelFactor:0.4]]
[2022.10.09-18.17.00:018][  0]LogConfig: Setting CVar [[r.AmbientOcclusionMaxQuality:100]]
[2022.10.09-18.17.00:018][  0]LogConfig: Setting CVar [[r.AmbientOcclusionLevels:-1]]
[2022.10.09-18.17.00:018][  0]LogConfig: Setting CVar [[r.AmbientOcclusionRadiusScale:1.0]]
[2022.10.09-18.17.00:018][  0]LogConfig: Setting CVar [[r.DepthOfFieldQuality:2]]
[2022.10.09-18.17.00:018][  0]LogConfig: Setting CVar [[r.RenderTargetPoolMin:400]]
[2022.10.09-18.17.00:018][  0]LogConfig: Setting CVar [[r.LensFlareQuality:2]]
[2022.10.09-18.17.00:018][  0]LogConfig: Setting CVar [[r.SceneColorFringeQuality:1]]
[2022.10.09-18.17.00:018][  0]LogConfig: Setting CVar [[r.EyeAdaptationQuality:2]]
[2022.10.09-18.17.00:018][  0]LogConfig: Setting CVar [[r.BloomQuality:5]]
[2022.10.09-18.17.00:018][  0]LogConfig: Setting CVar [[r.FastBlurThreshold:100]]
[2022.10.09-18.17.00:018][  0]LogConfig: Setting CVar [[r.Upscale.Quality:3]]
[2022.10.09-18.17.00:018][  0]LogConfig: Setting CVar [[r.Tonemapper.GrainQuantization:1]]
[2022.10.09-18.17.00:018][  0]LogConfig: Setting CVar [[r.LightShaftQuality:1]]
[2022.10.09-18.17.00:018][  0]LogConfig: Setting CVar [[r.Filter.SizeScale:1]]
[2022.10.09-18.17.00:018][  0]LogConfig: Setting CVar [[r.Tonemapper.Quality:5]]
[2022.10.09-18.17.00:018][  0]LogConfig: Setting CVar [[r.DOF.Gather.AccumulatorQuality:1        ; higher gathering accumulator quality]]
[2022.10.09-18.17.00:018][  0]LogConfig: Setting CVar [[r.DOF.Gather.PostfilterMethod:1          ; Median3x3 postfilering method]]
[2022.10.09-18.17.00:018][  0]LogConfig: Setting CVar [[r.DOF.Gather.EnableBokehSettings:0       ; no bokeh simulation when gathering]]
[2022.10.09-18.17.00:018][  0]LogConfig: Setting CVar [[r.DOF.Gather.RingCount:4                 ; medium number of samples when gathering]]
[2022.10.09-18.17.00:018][  0]LogConfig: Setting CVar [[r.DOF.Scatter.ForegroundCompositing:1    ; additive foreground scattering]]
[2022.10.09-18.17.00:018][  0]LogConfig: Setting CVar [[r.DOF.Scatter.BackgroundCompositing:2    ; additive background scattering]]
[2022.10.09-18.17.00:018][  0]LogConfig: Setting CVar [[r.DOF.Scatter.EnableBokehSettings:1      ; bokeh simulation when scattering]]
[2022.10.09-18.17.00:018][  0]LogConfig: Setting CVar [[r.DOF.Scatter.MaxSpriteRatio:0.1         ; only a maximum of 10% of scattered bokeh]]
[2022.10.09-18.17.00:018][  0]LogConfig: Setting CVar [[r.DOF.Recombine.Quality:1                ; cheap slight out of focus]]
[2022.10.09-18.17.00:019][  0]LogConfig: Setting CVar [[r.DOF.Recombine.EnableBokehSettings:0    ; no bokeh simulation on slight out of focus]]
[2022.10.09-18.17.00:019][  0]LogConfig: Setting CVar [[r.DOF.TemporalAAQuality:1                ; more stable temporal accumulation]]
[2022.10.09-18.17.00:019][  0]LogConfig: Setting CVar [[r.DOF.Kernel.MaxForegroundRadius:0.025]]
[2022.10.09-18.17.00:019][  0]LogConfig: Setting CVar [[r.DOF.Kernel.MaxBackgroundRadius:0.025]]
[2022.10.09-18.17.00:019][  0]LogConfig: Applying CVar settings from Section [TextureQuality@3] File [C:/Users/sejal2/Documents/level-design/UnrealLearningKit/Saved/Config/Windows/Scalability.ini]
[2022.10.09-18.17.00:019][  0]LogConfig: Setting CVar [[r.Streaming.MipBias:0]]
[2022.10.09-18.17.00:019][  0]LogConfig: Setting CVar [[r.Streaming.AmortizeCPUToGPUCopy:0]]
[2022.10.09-18.17.00:019][  0]LogConfig: Setting CVar [[r.Streaming.MaxNumTexturesToStreamPerFrame:0]]
[2022.10.09-18.17.00:019][  0]LogConfig: Setting CVar [[r.Streaming.Boost:1]]
[2022.10.09-18.17.00:019][  0]LogConfig: Setting CVar [[r.MaxAnisotropy:8]]
[2022.10.09-18.17.00:019][  0]LogConfig: Setting CVar [[r.VT.MaxAnisotropy:8]]
[2022.10.09-18.17.00:019][  0]LogConfig: Setting CVar [[r.Streaming.LimitPoolSizeToVRAM:0]]
[2022.10.09-18.17.00:019][  0]LogConfig: Setting CVar [[r.Streaming.PoolSize:1000]]
[2022.10.09-18.17.00:019][  0]LogConfig: Setting CVar [[r.Streaming.MaxEffectiveScreenSize:0]]
[2022.10.09-18.17.00:019][  0]LogConfig: Applying CVar settings from Section [EffectsQuality@3] File [C:/Users/sejal2/Documents/level-design/UnrealLearningKit/Saved/Config/Windows/Scalability.ini]
[2022.10.09-18.17.00:019][  0]LogConfig: Setting CVar [[r.TranslucencyLightingVolumeDim:64]]
[2022.10.09-18.17.00:019][  0]LogConfig: Setting CVar [[r.RefractionQuality:2]]
[2022.10.09-18.17.00:019][  0]LogConfig: Setting CVar [[r.SSR.Quality:3]]
[2022.10.09-18.17.00:019][  0]LogConfig: Setting CVar [[r.SSR.HalfResSceneColor:0]]
[2022.10.09-18.17.00:019][  0]LogConfig: Setting CVar [[r.SceneColorFormat:4]]
[2022.10.09-18.17.00:019][  0]LogConfig: Setting CVar [[r.DetailMode:2]]
[2022.10.09-18.17.00:019][  0]LogConfig: Setting CVar [[r.TranslucencyVolumeBlur:1]]
[2022.10.09-18.17.00:019][  0]LogConfig: Setting CVar [[r.MaterialQualityLevel:1 ; High quality]]
[2022.10.09-18.17.00:019][  0]LogConfig: Setting CVar [[r.AnisotropicMaterials:1]]
[2022.10.09-18.17.00:019][  0]LogConfig: Setting CVar [[r.SSS.Scale:1]]
[2022.10.09-18.17.00:019][  0]LogConfig: Setting CVar [[r.SSS.SampleSet:2]]
[2022.10.09-18.17.00:019][  0]LogConfig: Setting CVar [[r.SSS.Quality:1]]
[2022.10.09-18.17.00:019][  0]LogConfig: Setting CVar [[r.SSS.HalfRes:0]]
[2022.10.09-18.17.00:019][  0]LogConfig: Setting CVar [[r.SSGI.Quality:3]]
[2022.10.09-18.17.00:019][  0]LogConfig: Setting CVar [[r.EmitterSpawnRateScale:1.0]]
[2022.10.09-18.17.00:019][  0]LogConfig: Setting CVar [[r.ParticleLightQuality:2]]
[2022.10.09-18.17.00:019][  0]LogConfig: Setting CVar [[r.SkyAtmosphere.AerialPerspectiveLUT.FastApplyOnOpaque:1 ; Always have FastSkyLUT 1 in this case to avoid wrong sky]]
[2022.10.09-18.17.00:019][  0]LogConfig: Setting CVar [[r.SkyAtmosphere.AerialPerspectiveLUT.SampleCountMaxPerSlice:4]]
[2022.10.09-18.17.00:019][  0]LogConfig: Setting CVar [[r.SkyAtmosphere.AerialPerspectiveLUT.DepthResolution:16.0]]
[2022.10.09-18.17.00:019][  0]LogConfig: Setting CVar [[r.SkyAtmosphere.FastSkyLUT:1]]
[2022.10.09-18.17.00:019][  0]LogConfig: Setting CVar [[r.SkyAtmosphere.FastSkyLUT.SampleCountMin:4.0]]
[2022.10.09-18.17.00:019][  0]LogConfig: Setting CVar [[r.SkyAtmosphere.FastSkyLUT.SampleCountMax:128.0]]
[2022.10.09-18.17.00:019][  0]LogConfig: Setting CVar [[r.SkyAtmosphere.SampleCountMin:4.0]]
[2022.10.09-18.17.00:019][  0]LogConfig: Setting CVar [[r.SkyAtmosphere.SampleCountMax:128.0]]
[2022.10.09-18.17.00:019][  0]LogConfig: Setting CVar [[r.SkyAtmosphere.TransmittanceLUT.UseSmallFormat:0]]
[2022.10.09-18.17.00:019][  0]LogConfig: Setting CVar [[r.SkyAtmosphere.TransmittanceLUT.SampleCount:10.0]]
[2022.10.09-18.17.00:019][  0]LogConfig: Setting CVar [[r.SkyAtmosphere.MultiScatteringLUT.SampleCount:15.0]]
[2022.10.09-18.17.00:019][  0]LogConfig: Setting CVar [[r.SkyLight.RealTimeReflectionCapture:1]]
[2022.10.09-18.17.00:019][  0]LogConfig: Applying CVar settings from Section [FoliageQuality@3] File [C:/Users/sejal2/Documents/level-design/UnrealLearningKit/Saved/Config/Windows/Scalability.ini]
[2022.10.09-18.17.00:019][  0]LogConfig: Setting CVar [[foliage.DensityScale:1.0]]
[2022.10.09-18.17.00:019][  0]LogConfig: Setting CVar [[grass.DensityScale:1.0]]
[2022.10.09-18.17.00:019][  0]LogConfig: Applying CVar settings from Section [ShadingQuality@3] File [C:/Users/sejal2/Documents/level-design/UnrealLearningKit/Saved/Config/Windows/Scalability.ini]
[2022.10.09-18.17.00:019][  0]LogConfig: Setting CVar [[r.HairStrands.SkyLighting.IntegrationType:2]]
[2022.10.09-18.17.00:019][  0]LogConfig: Setting CVar [[r.HairStrands.SkyAO.SampleCount:4]]
[2022.10.09-18.17.00:019][  0]LogConfig: Setting CVar [[r.HairStrands.Visibility.MSAA.SamplePerPixel:4]]
[2022.10.09-18.17.00:019][  0]LogConfig: Applying CVar settings from Section [Startup] File [../../../Engine/Config/ConsoleVariables.ini]
[2022.10.09-18.17.00:020][  0]LogConfig: Setting CVar [[net.UseAdaptiveNetUpdateFrequency:0]]
[2022.10.09-18.17.00:020][  0]LogConfig: Setting CVar [[p.chaos.AllowCreatePhysxBodies:1]]
[2022.10.09-18.17.00:020][  0]LogConfig: Setting CVar [[fx.SkipVectorVMBackendOptimizations:1]]
[2022.10.09-18.17.00:020][  0]LogConfig: Applying CVar settings from Section [ConsoleVariables] File [C:/Users/sejal2/Documents/level-design/UnrealLearningKit/Saved/Config/Windows/Engine.ini]
[2022.10.09-18.17.00:020][  0]LogConfig: Applying CVar settings from Section [ConsoleVariables] File [C:/Users/sejal2/Documents/level-design/UnrealLearningKit/Saved/Config/Windows/Editor.ini]
[2022.10.09-18.17.00:020][  0]LogInit: Computer: SIEBL-4107-15
[2022.10.09-18.17.00:020][  0]LogInit: User: sejal2
[2022.10.09-18.17.00:020][  0]LogInit: CPU Page size=4096, Cores=4
[2022.10.09-18.17.00:020][  0]LogInit: High frequency timer resolution =10.000000 MHz
[2022.10.09-18.17.00:020][  0]LogMemory: Memory total: Physical=15.7GB (16GB approx)
[2022.10.09-18.17.00:020][  0]LogMemory: Platform Memory Stats for Windows
[2022.10.09-18.17.00:020][  0]LogMemory: Process Physical Memory: 147.03 MB used, 147.04 MB peak
[2022.10.09-18.17.00:020][  0]LogMemory: Process Virtual Memory: 130.07 MB used, 130.07 MB peak
[2022.10.09-18.17.00:020][  0]LogMemory: Physical Memory: 6320.79 MB used,  9782.55 MB free, 16103.34 MB total
[2022.10.09-18.17.00:020][  0]LogMemory: Virtual Memory: 134206768.00 MB used,  10956.48 MB free, 134217728.00 MB total
[2022.10.09-18.17.00:027][  0]LogWindows: WindowsPlatformFeatures enabled
[2022.10.09-18.17.00:067][  0]LogInit: Physics initialised using underlying interface: PhysX
[2022.10.09-18.17.00:072][  0]LogInit: Using OS detected language (en-US).
[2022.10.09-18.17.00:072][  0]LogInit: Using OS detected locale (en-US).
[2022.10.09-18.17.00:079][  0]LogTextLocalizationManager: No specific localization for 'en-US' exists, so the 'en' localization will be used.
[2022.10.09-18.17.00:276][  0]LogInit: Setting process to per monitor DPI aware
[2022.10.09-18.17.00:298][  0]LogWindowsTextInputMethodSystem: Display: IME system deactivated.
[2022.10.09-18.17.00:318][  0]LogSlate: New Slate User Created.  User Index 0, Is Virtual User: 0
[2022.10.09-18.17.00:318][  0]LogSlate: Slate User Registered.  User Index 0, Is Virtual User: 0
[2022.10.09-18.17.00:509][  0]LogD3D11RHI: Loaded GFSDK_Aftermath_Lib.x64.dll
[2022.10.09-18.17.00:514][  0]LogHMD: Failed to initialize OpenVR with code 110
[2022.10.09-18.17.00:514][  0]LogD3D11RHI: D3D11 min allowed feature level: 11_0
[2022.10.09-18.17.00:514][  0]LogD3D11RHI: D3D11 max allowed feature level: 11_0
[2022.10.09-18.17.00:514][  0]LogD3D11RHI: D3D11 adapters:
[2022.10.09-18.17.00:609][  0]LogD3D11RHI:    0. 'NVIDIA GeForce RTX 2080 Ti' (Feature Level 11_0)
[2022.10.09-18.17.00:609][  0]LogD3D11RHI:       11049/0/8051 MB DedicatedVideo/DedicatedSystem/SharedSystem, Outputs:1, VendorId:0x10de
[2022.10.09-18.17.00:613][  0]LogD3D11RHI:    1. 'Microsoft Basic Render Driver' (Feature Level 11_0)
[2022.10.09-18.17.00:613][  0]LogD3D11RHI:       0/0/8051 MB DedicatedVideo/DedicatedSystem/SharedSystem, Outputs:0, VendorId:0x1414
[2022.10.09-18.17.00:613][  0]LogD3D11RHI: Chosen D3D11 Adapter:
[2022.10.09-18.17.00:613][  0]LogD3D11RHI:     Description : NVIDIA GeForce RTX 2080 Ti
[2022.10.09-18.17.00:613][  0]LogD3D11RHI:     VendorId    : 10de
[2022.10.09-18.17.00:613][  0]LogD3D11RHI:     DeviceId    : 1e04
[2022.10.09-18.17.00:613][  0]LogD3D11RHI:     SubSysId    : 8550103c
[2022.10.09-18.17.00:613][  0]LogD3D11RHI:     Revision    : 00a1
[2022.10.09-18.17.00:613][  0]LogD3D11RHI:     DedicatedVideoMemory : 11585716224 bytes
[2022.10.09-18.17.00:613][  0]LogD3D11RHI:     DedicatedSystemMemory : 0 bytes
[2022.10.09-18.17.00:613][  0]LogD3D11RHI:     SharedSystemMemory : 8442785792 bytes
[2022.10.09-18.17.00:613][  0]LogD3D11RHI:     AdapterLuid : 0 184493
[2022.10.09-18.17.00:619][  0]LogD3D11RHI: Creating new Direct3DDevice
[2022.10.09-18.17.00:619][  0]LogD3D11RHI:     GPU DeviceId: 0x1e04 (for the marketing name, search the web for "GPU Device Id")
[2022.10.09-18.17.00:619][  0]LogWindows: EnumDisplayDevices:
[2022.10.09-18.17.00:619][  0]LogWindows:    0. 'NVIDIA GeForce RTX 2080 Ti' (P:1 D:1)
[2022.10.09-18.17.00:620][  0]LogWindows:    1. 'NVIDIA GeForce RTX 2080 Ti' (P:0 D:0)
[2022.10.09-18.17.00:620][  0]LogWindows:    2. 'NVIDIA GeForce RTX 2080 Ti' (P:0 D:0)
[2022.10.09-18.17.00:621][  0]LogWindows:    3. 'NVIDIA GeForce RTX 2080 Ti' (P:0 D:0)
[2022.10.09-18.17.00:621][  0]LogWindows: DebugString: FoundDriverCount:4 
[2022.10.09-18.17.00:621][  0]LogD3D11RHI:     Adapter Name: NVIDIA GeForce RTX 2080 Ti
[2022.10.09-18.17.00:621][  0]LogD3D11RHI:   Driver Version: 441.41 (internal:26.21.14.4141, unified:441.41)
[2022.10.09-18.17.00:621][  0]LogD3D11RHI:      Driver Date: 11-20-2019
[2022.10.09-18.17.00:621][  0]LogRHI: Texture pool is 7734 MB (70% of 11049 MB)
[2022.10.09-18.17.00:621][  0]LogD3D11RHI: Creating D3DDevice using adapter:
[2022.10.09-18.17.00:621][  0]LogD3D11RHI:     Description : NVIDIA GeForce RTX 2080 Ti
[2022.10.09-18.17.00:621][  0]LogD3D11RHI:     VendorId    : 10de
[2022.10.09-18.17.00:621][  0]LogD3D11RHI:     DeviceId    : 1e04
[2022.10.09-18.17.00:621][  0]LogD3D11RHI:     SubSysId    : 8550103c
[2022.10.09-18.17.00:621][  0]LogD3D11RHI:     Revision    : 00a1
[2022.10.09-18.17.00:621][  0]LogD3D11RHI:     DedicatedVideoMemory : 11585716224 bytes
[2022.10.09-18.17.00:621][  0]LogD3D11RHI:     DedicatedSystemMemory : 0 bytes
[2022.10.09-18.17.00:621][  0]LogD3D11RHI:     SharedSystemMemory : 8442785792 bytes
[2022.10.09-18.17.00:621][  0]LogD3D11RHI:     AdapterLuid : 0 184493
[2022.10.09-18.17.00:683][  0]LogD3D11RHI: RHI has support for 64 bit atomics
[2022.10.09-18.17.00:683][  0]LogD3D11RHI: Async texture creation enabled
[2022.10.09-18.17.00:683][  0]LogD3D11RHI: Array index from any shader is supported
[2022.10.09-18.17.00:684][  0]LogD3D11RHI: HDR output is supported on display 0 (NvId: 0x80061080).
[2022.10.09-18.17.00:696][  0]LogD3D11RHI: GPU Timing Frequency: 1000.000000 (Debug: 2 1)
[2022.10.09-18.17.00:735][  0]LogRHI: GeForceNow SDK initialized: 1
[2022.10.09-18.17.01:178][  0]LogTargetPlatformManager: Display: Loaded TargetPlatform 'AllDesktop'
[2022.10.09-18.17.01:201][  0]LogTargetPlatformManager: Display: Loaded TargetPlatform 'Android'
[2022.10.09-18.17.01:201][  0]LogTargetPlatformManager: Display: Loaded TargetPlatform 'Android_ASTC'
[2022.10.09-18.17.01:201][  0]LogTargetPlatformManager: Display: Loaded TargetPlatform 'Android_DXT'
[2022.10.09-18.17.01:201][  0]LogTargetPlatformManager: Display: Loaded TargetPlatform 'Android_ETC2'
[2022.10.09-18.17.01:201][  0]LogTargetPlatformManager: Display: Loaded TargetPlatform 'AndroidClient'
[2022.10.09-18.17.01:201][  0]LogTargetPlatformManager: Display: Loaded TargetPlatform 'Android_ASTCClient'
[2022.10.09-18.17.01:201][  0]LogTargetPlatformManager: Display: Loaded TargetPlatform 'Android_DXTClient'
[2022.10.09-18.17.01:201][  0]LogTargetPlatformManager: Display: Loaded TargetPlatform 'Android_ETC2Client'
[2022.10.09-18.17.01:201][  0]LogTargetPlatformManager: Display: Loaded TargetPlatform 'Android_Multi'
[2022.10.09-18.17.01:201][  0]LogTargetPlatformManager: Display: Loaded TargetPlatform 'Android_MultiClient'
[2022.10.09-18.17.01:223][  0]LogTargetPlatformManager: Display: Loaded TargetPlatform 'IOSClient'
[2022.10.09-18.17.01:223][  0]LogTargetPlatformManager: Display: Loaded TargetPlatform 'IOS'
[2022.10.09-18.17.01:234][  0]LogTargetPlatformManager: Display: Loaded TargetPlatform 'Linux'
[2022.10.09-18.17.01:239][  0]LogTargetPlatformManager: Display: Loaded TargetPlatform 'LinuxNoEditor'
[2022.10.09-18.17.01:244][  0]LogTargetPlatformManager: Display: Loaded TargetPlatform 'LinuxClient'
[2022.10.09-18.17.01:249][  0]LogTargetPlatformManager: Display: Loaded TargetPlatform 'LinuxServer'
[2022.10.09-18.17.01:260][  0]LogTargetPlatformManager: Display: Loaded TargetPlatform 'LinuxAArch64NoEditor'
[2022.10.09-18.17.01:265][  0]LogTargetPlatformManager: Display: Loaded TargetPlatform 'LinuxAArch64Client'
[2022.10.09-18.17.01:270][  0]LogTargetPlatformManager: Display: Loaded TargetPlatform 'LinuxAArch64Server'
[2022.10.09-18.17.01:294][  0]LogTargetPlatformManager: Display: Loaded TargetPlatform 'Lumin'
[2022.10.09-18.17.01:294][  0]LogTargetPlatformManager: Display: Loaded TargetPlatform 'LuminClient'
[2022.10.09-18.17.01:304][  0]LogTargetPlatformManager: Display: Loaded TargetPlatform 'MacNoEditor'
[2022.10.09-18.17.01:309][  0]LogTargetPlatformManager: Display: Loaded TargetPlatform 'Mac'
[2022.10.09-18.17.01:314][  0]LogTargetPlatformManager: Display: Loaded TargetPlatform 'MacClient'
[2022.10.09-18.17.01:319][  0]LogTargetPlatformManager: Display: Loaded TargetPlatform 'MacServer'
[2022.10.09-18.17.01:331][  0]LogTargetPlatformManager: Display: Loaded TargetPlatform 'TVOSClient'
[2022.10.09-18.17.01:331][  0]LogTargetPlatformManager: Display: Loaded TargetPlatform 'TVOS'
[2022.10.09-18.17.01:341][  0]LogTargetPlatformManager: Display: Loaded TargetPlatform 'WindowsNoEditor'
[2022.10.09-18.17.01:346][  0]LogTargetPlatformManager: Display: Loaded TargetPlatform 'Windows'
[2022.10.09-18.17.01:352][  0]LogTargetPlatformManager: Display: Loaded TargetPlatform 'WindowsClient'
[2022.10.09-18.17.01:357][  0]LogTargetPlatformManager: Display: Loaded TargetPlatform 'WindowsServer'
[2022.10.09-18.17.01:357][  0]LogTargetPlatformManager: Display: Building Assets For Windows
[2022.10.09-18.17.01:368][  0]LogAudioDebug: Display: Lib vorbis DLL was dynamically loaded.
[2022.10.09-18.17.01:408][  0]LogTextureFormatOodle: Display: Oodle Texture 2.9.0 init RDO Off
[2022.10.09-18.17.01:449][  0]LogRendererCore: Ray tracing is disabled. Reason: r.RayTracing=0.
[2022.10.09-18.17.01:449][  0]LogShaderCompilers: Guid format shader working directory is -25 characters bigger than the processId version (../../../../../../Users/sejal2/Documents/level-design/UnrealLearningKit/Intermediate/Shaders/WorkingDirectory/12336/).
[2022.10.09-18.17.01:449][  0]LogShaderCompilers: Cleaned the shader compiler working directory 'C:/Users/sejal2/AppData/Local/Temp/UnrealShaderWorkingDir/95DD9DFC4C17BB90E901F4B34891E136/'.
[2022.10.09-18.17.01:449][  0]LogXGEController: Cannot use XGE Controller as Incredibuild is not installed on this machine.
[2022.10.09-18.17.01:449][  0]LogShaderCompilers: Cannot use XGE Shader Compiler as Incredibuild is not installed on this machine.
[2022.10.09-18.17.01:449][  0]LogShaderCompilers: Display: Using Local Shader Compiler.
[2022.10.09-18.17.02:250][  0]LogDerivedDataCache: Display: Max Cache Size: 512 MB
[2022.10.09-18.17.02:315][  0]LogDerivedDataCache: Loaded boot cache 0.06s 85MB C:/Users/sejal2/AppData/Local/UnrealEngine/4.27/DerivedDataCache/Boot.ddc.
[2022.10.09-18.17.02:315][  0]LogDerivedDataCache: Display: Loaded Boot cache: C:/Users/sejal2/AppData/Local/UnrealEngine/4.27/DerivedDataCache/Boot.ddc
[2022.10.09-18.17.02:315][  0]LogDerivedDataCache: FDerivedDataBackendGraph:  Pak pak cache file ../../../../../../Users/sejal2/Documents/level-design/UnrealLearningKit/DerivedDataCache/DDC.ddp not found, will not use a pak cache.
[2022.10.09-18.17.02:315][  0]LogDerivedDataCache: Unable to find inner node Pak for hierarchical cache Hierarchy.
[2022.10.09-18.17.02:316][  0]LogDerivedDataCache: FDerivedDataBackendGraph:  CompressedPak pak cache file ../../../../../../Users/sejal2/Documents/level-design/UnrealLearningKit/DerivedDataCache/Compressed.ddp not found, will not use a pak cache.
[2022.10.09-18.17.02:316][  0]LogDerivedDataCache: Unable to find inner node CompressedPak for hierarchical cache Hierarchy.
[2022.10.09-18.17.02:332][  0]LogDerivedDataCache: Display: Pak cache opened for reading ../../../Engine/DerivedDataCache/Compressed.ddp.
[2022.10.09-18.17.02:333][  0]LogDerivedDataCache: FDerivedDataBackendGraph:  EnterprisePak pak cache file ../../../Enterprise/DerivedDataCache/Compressed.ddp not found, will not use a pak cache.
[2022.10.09-18.17.02:333][  0]LogDerivedDataCache: Unable to find inner node EnterprisePak for hierarchical cache Hierarchy.
[2022.10.09-18.17.02:344][  0]LogDerivedDataCache: Speed tests for C:/Users/sejal2/AppData/Local/UnrealEngine/Common/DerivedDataCache took 0.01 seconds
[2022.10.09-18.17.02:344][  0]LogDerivedDataCache: Display: Performance to C:/Users/sejal2/AppData/Local/UnrealEngine/Common/DerivedDataCache: Latency=0.03ms. RandomReadSpeed=519.15MBs, RandomWriteSpeed=99.31MBs. Assigned SpeedClass 'Local'
[2022.10.09-18.17.02:345][  0]LogDerivedDataCache: Using Local data cache path C:/Users/sejal2/AppData/Local/UnrealEngine/Common/DerivedDataCache: Writable
[2022.10.09-18.17.02:345][  0]LogDerivedDataCache: Shared data cache path not found in *engine.ini, will not use an Shared cache.
[2022.10.09-18.17.02:345][  0]LogDerivedDataCache: Unable to find inner node Shared for hierarchical cache Hierarchy.
[2022.10.09-18.17.02:391][  0]LogSlate: Using FreeType 2.10.0
[2022.10.09-18.17.02:392][  0]LogSlate: SlateFontServices - WITH_FREETYPE: 1, WITH_HARFBUZZ: 1
[2022.10.09-18.17.02:421][  0]LogAssetRegistry: FAssetRegistry took 0.0031 seconds to start up
[2022.10.09-18.17.02:665][  0]LogInit: Selected Device Profile: [Windows]
[2022.10.09-18.17.02:665][  0]LogInit: Active device profile: [0000016712F9CD00][000001671073AF40 49] Windows
[2022.10.09-18.17.02:665][  0]LogInit: Profiles: [0000016712F9CD00][000001671073AF40 49] Windows, [0000016712F6A300][00000167107430C0 49] WindowsNoEditor, [0000016712F9DC00][0000016710747240 49] WindowsServer, [0000016712F6B100][000001671074B3C0 49] WindowsClient, [0000016712F9E900][000001671074F540 49] IOS, [0000016712F69A00][00000167107536C0 49] iPadAir, [0000016712F9FE00][0000016710757840 49] iPadAir2, [0000016713F11100][0000016710765B00 49] IPadPro, [0000016713F11200][000001671075BB40 49] iPadAir3, [0000016712F68C00][0000016710768140 49] iPadAir4, [0000016713F11E00][0000016712C122C0 49] iPadMini2, [0000016712F6B300][0000016712C16440 49] iPadMini3, [0000016713F13900][0000016712C1A5C0 49] iPadMini4, [0000016712F69000][0000016712C1E740 49] iPadMini5, [0000016712F38A00][000001671073E9C0 49] iPhone6, [0000016712F38B00][0000016712C22A00 49] iPodTouch6, [0000016712F9ED00][0000016712C2AC40 49] iPhone7, [0000016712F9EE00][0000016712C26C80 49] iPodTouch7, [0000016713F13E00][0000016712C2EDC0 49] iPhone5S, [0000016712F9CE00][0000016712C36F40 49] iPhone6Plus, [0000016712F38100][0000016712C3B0C0 49] iPhone6S, [0000016713F10300][0000016712C3F240 49] iPhone6SPlus, [0000016712F3A900][0000016712C433C0 49] iPhone7Plus, [0000016713F12200][0000016712C47540 49] iPhoneSE, [0000016712F3A700][0000016712C4B6C0 49] iPhone8, [0000016713F10700][0000016712C4F840 49] iPhone8Plus, [0000016712F3B200][0000016712C539C0 49] iPhoneX, [0000016712F9D500][0000016712C57B40 49] iPhoneXS, [0000016712F3AC00][0000016712C5A140 49] iPhoneXSMax, [0000016712F9DA00][0000016712C5E2C0 49] iPhoneXR, [0000016712F38600][0000016712C62440 49] iPhone11, [0000016712F9CF00][0000016712C665C0 49] iPhone11Pro, [0000016712F39B00][0000016712EB8740 49] iPhone11ProMax, [0000016712F9F300][0000016712EBC8C0 49] iPhoneSE2, [0000016712F3BB00][0000016712EC0A40 49] iPhone12Mini, [0000016712F9E300][0000016712C32B80 49] iPhone12, [0000016712F39000][0000016712EC4CC0 49] iPhone12Pro, [0000016712F9FF00][0000016712EC8E00 49] iPhone12ProMax, [0000016712F39600][0000016712ECCF40 49] iPadPro105, [0000016712F9C900][0000016712ED50C0 49] iPadPro129, [0000016712F3BE00][0000016712ED9240 49] iPadPro97, [0000016712F9F700][0000016712EDD3C0 49] iPadPro2_129, [0000016712F38D00][0000016712EE1540 49] iPad5, [0000016712F9DF00][0000016712EE56C0 49] iPad6, [0000016712F39200][0000016712EE9840 49] iPad7, [0000016712F9D100][0000016712EED9C0 49] iPad8, [0000016712F38200][0000016712EF1B40 49] iPadPro11, [0000016712F9F200][0000016712EF4140 49] iPadPro2_11, [0000016712F39700][0000016712EF82C0 49] iPadPro3_129, [0000016712F9F800][0000016712EFC440 49] iPadPro4_129, [0000016712F38F00][0000016712F005C0 49] AppleTV, [0000016712F9E600][0000016712F04740 49] AppleTV4K, [0000016712F3A200][0000016712F088C0 49] TVOS, [0000016712F9FB00][0000016712F0CA40 49] Mac, [0000016712F39400][0000016712F10BC0 49] MacClient, [0000016712F9E100][0000016712F14D40 49] MacNoEditor, [0000016712F3AF00][0000016712ED0E80 49] MacServer, [0000016712F9D000][0000016712F18FC0 49] Linux, [0000016712F39F00][0000016712F1D100 49] LinuxAArch64, [0000016712F9FC00][000001671093B280 49] LinuxNoEditor, [0000016712F3B300][000001671093F400 49] LinuxAArch64NoEditor, [0000016712F9DB00][0000016710943580 49] LinuxClient, [0000016712F38800][0000016710947700 49] LinuxAArch64Client, [0000016712F9D400][000001671094B880 49] LinuxServer, [0000016712F39100][000001671094FA00 49] LinuxAArch64Server, [0000016712F9EF00][0000016710953B80 49] Android, [0000016712F3A400][0000016710956180 49] Android_Low, [0000016712F9FD00][000001671095A300 49] Android_Mid, [0000016712F3B900][000001671095E480 49] Android_High, [0000016712F9F400][0000016710962600 49] Android_Default, [0000016712F3AA00][0000016710966780 49] Android_Adreno4xx, [0000016712F9C300][000001671096A900 49] Android_Adreno5xx_Low, [0000016712F3B700][000001671096EA80 49] Android_Adreno5xx, [0000016712F9D300][0000016710972C00 49] Android_Adreno6xx, [0000016712F68500][0000016710976D80 49] Android_Adreno6xx_Vulkan, [0000016713F11F00][000001671097AF00 49] Android_Mali_T6xx, [0000016712F68600][0000016710937040 49] Android_Mali_T7xx, [0000016713F13A00][000001671097F180 49] Android_Mali_T8xx, [0000016712F68100][00000167109832C0 49] Android_Mali_G71, [0000016713F13500][000001671098B440 49] Android_Mali_G72, [0000016712F68400][000001671098F5C0 49] Android_Mali_G72_Vulkan, [0000016713F11800][0000016710993740 49] Android_Mali_G76, [0000016712F6B800][00000167109978C0 49] Android_Mali_G76_Vulkan, [0000016713F12A00][000001671099BA40 49] Android_Mali_G77, [0000016712F6B200][000001671099FBC0 49] Android_Mali_G77_Vulkan, [0000016713F11600][00000167109A21C0 49] Android_Mali_G78, [0000016712F6A200][00000167109A6340 49] Android_Mali_G78_Vulkan, [0000016713F10600][00000167109AA4C0 49] Android_Mali_G710, [0000016712F68300][00000167109AE640 49] Android_Mali_G710_Vulkan, [0000016713F10200][00000167109B27C0 49] Android_Vulkan_SM5, [0000016712F68200][00000167109B6940 49] Android_PowerVR_G6xxx, [0000016713F12500][00000167109BAAC0 49] Android_PowerVR_GT7xxx, [0000016712F6A600][00000167109BEC40 49] Android_PowerVR_GE8xxx, [0000016713F11300][0000016712D28DC0 49] Android_PowerVR_GM9xxx, [0000016712F68D00][0000016712D2CF40 49] Android_PowerVR_GM9xxx_Vulkan, [0000016713F13D00][0000016712D310C0 49] Android_TegraK1, [0000016712F6A900][0000016710987200 49] Android_Unknown_Vulkan, [0000016713F13200][0000016712D35340 49] Lumin, [0000016712F68A00][0000016712D39480 49] Lumin_Desktop, [0000016713F13300][0000016712D3D5C0 49] HoloLens, 
[2022.10.09-18.17.02:803][  0]LogMeshReduction: Using QuadricMeshReduction for automatic static mesh reduction
[2022.10.09-18.17.02:803][  0]LogMeshReduction: Using SimplygonMeshReduction for automatic skeletal mesh reduction
[2022.10.09-18.17.02:803][  0]LogMeshReduction: Using ProxyLODMeshReduction for automatic mesh merging
[2022.10.09-18.17.02:803][  0]LogMeshReduction: No distributed automatic mesh merging module available
[2022.10.09-18.17.02:803][  0]LogMeshMerging: No distributed automatic mesh merging module available
[2022.10.09-18.17.02:820][  0]LogNetVersion: UnrealLearningKit 1.0.0, NetCL: 17155196, EngineNetVer: 17, GameNetVer: 0 (Checksum: 2634337718)
[2022.10.09-18.17.03:236][  0]LogTexture: Default maximum texture size for cubemaps generated from long-lat sources has been changed from 512 to unlimited. In order to preserve old behaiour for '/Engine/MapTemplates/Sky/DaylightAmbientCubemap.DaylightAmbientCubemap', its maximum texture size has been explicitly set to 512.
[2022.10.09-18.17.03:301][  0]LogHMD: PokeAHoleMaterial loaded successfully
[2022.10.09-18.17.03:308][  0]LogUObjectArray: 17178 objects as part of root set at end of initial load.
[2022.10.09-18.17.03:308][  0]LogUObjectAllocator: 4302048 out of 0 bytes used by permanent object pool.
[2022.10.09-18.17.03:308][  0]LogUObjectArray: CloseDisregardForGC: 0/0 objects in disregard for GC pool
[2022.10.09-18.17.03:632][  0]LogNiagaraDebuggerClient: Niagara Debugger Client Initialized | Session: FD900FE84DFAB657CBF41DA31A6759F2 | Instance: 2830F8784DBD8351CA8BCC877ACC532E (SIEBL-4107-15-12336).
[2022.10.09-18.17.03:671][  0]LogPython: Using Python 3.7.7
[2022.10.09-18.17.04:320][  0]LogTcpMessaging: Initializing TcpMessaging bridge
[2022.10.09-18.17.04:325][  0]LogUdpMessaging: Initializing bridge on interface 0.0.0.0:0 to multicast group 230.0.0.1:6666.
[2022.10.09-18.17.04:577][  0]SourceControl: Source control is disabled
[2022.10.09-18.17.04:577][  0]SourceControl: Source control is disabled
[2022.10.09-18.17.04:581][  0]SourceControl: Source control is disabled
[2022.10.09-18.17.04:585][  0]SourceControl: Source control is disabled
[2022.10.09-18.17.04:594][  0]SourceControl: Source control is disabled
[2022.10.09-18.17.04:601][  0]LogUProjectInfo: Found projects:
[2022.10.09-18.17.04:782][  0]LogOpenImageDenoise: OIDN starting up
[2022.10.09-18.17.04:834][  0]LogAndroidPermission: UAndroidPermissionCallbackProxy::GetInstance
[2022.10.09-18.17.04:851][  0]LogAudioCaptureCore: Display: No Audio Capture implementations found. Audio input will be silent.
[2022.10.09-18.17.04:851][  0]LogAudioCaptureCore: Display: No Audio Capture implementations found. Audio input will be silent.
[2022.10.09-18.17.05:002][  0]LogCollectionManager: Loaded 0 collections in 0.002026 seconds
[2022.10.09-18.17.05:029][  0]LogFileCache: Scanning file cache for directory 'C:/Users/sejal2/Documents/level-design/UnrealLearningKit/Saved/Collections/' took 0.00s
[2022.10.09-18.17.05:029][  0]LogFileCache: Scanning file cache for directory 'C:/Users/sejal2/Documents/level-design/UnrealLearningKit/Content/Developers/sejal2/Collections/' took 0.00s
[2022.10.09-18.17.05:029][  0]LogFileCache: Scanning file cache for directory 'C:/Users/sejal2/Documents/level-design/UnrealLearningKit/Content/Collections/' took 0.00s
[2022.10.09-18.17.05:029][  0]LogOcInput: OculusInput pre-init called
[2022.10.09-18.17.05:298][  0]LogEngine: Initializing Engine...
[2022.10.09-18.17.05:302][  0]LogHMD: Failed to enumerate extensions. Please check that you have a valid OpenXR runtime installed.
[2022.10.09-18.17.05:302][  0]LogHMD: Failed to initialize OpenVR with code 110
[2022.10.09-18.17.05:302][  0]LogMagicLeap: Warning: VR disabled because ZI is not enabled.  To enable, in the editor, Edit -> Project Settings -> Plugins -> Magic Leap Plugin -> Enable Zero Iteration
[2022.10.09-18.17.05:303][  0]LogStats: UGameplayTagsManager::InitializeManager -  0.000 s
[2022.10.09-18.17.05:446][  0]LogInit: Initializing FReadOnlyCVARCache
[2022.10.09-18.17.05:456][  0]LogAIModule: Creating AISystem for world Untitled
[2022.10.09-18.17.05:471][  0]LogAudio: Display: Initializing Audio Device Manager...
[2022.10.09-18.17.05:475][  0]LogAudio: Display: Loading Default Audio Settings Objects...
[2022.10.09-18.17.05:476][  0]LogAudio: Display: No default SoundConcurrencyObject specified (or failed to load).
[2022.10.09-18.17.05:476][  0]LogAudio: Display: Audio Device Manager Initialized
[2022.10.09-18.17.05:476][  0]LogAudio: Display: Creating Audio Device:                 Id: 1, Scope: Shared, Realtime: True
[2022.10.09-18.17.05:477][  0]LogAudioMixer: Display: Audio Mixer Platform Settings:
[2022.10.09-18.17.05:477][  0]LogAudioMixer: Display: 	Sample Rate:						  48000
[2022.10.09-18.17.05:477][  0]LogAudioMixer: Display: 	Callback Buffer Frame Size Requested: 1024
[2022.10.09-18.17.05:477][  0]LogAudioMixer: Display: 	Callback Buffer Frame Size To Use:	  1024
[2022.10.09-18.17.05:477][  0]LogAudioMixer: Display: 	Number of buffers to queue:			  2
[2022.10.09-18.17.05:477][  0]LogAudioMixer: Display: 	Max Channels (voices):				  32
[2022.10.09-18.17.05:477][  0]LogAudioMixer: Display: 	Number of Async Source Workers:		  0
[2022.10.09-18.17.05:477][  0]LogAudio: Display: AudioDevice MaxSources: 32
[2022.10.09-18.17.05:477][  0]LogAudio: Display: Audio Spatialization Plugin: None (built-in).
[2022.10.09-18.17.05:477][  0]LogAudio: Display: Audio Reverb Plugin: None (built-in).
[2022.10.09-18.17.05:477][  0]LogAudio: Display: Audio Occlusion Plugin: None (built-in).
[2022.10.09-18.17.05:477][  0]LogAudioMixer: Display: Initializing audio mixer.
[2022.10.09-18.17.05:499][  0]LogAudioMixer: Display: 0: FrontLeft
[2022.10.09-18.17.05:499][  0]LogAudioMixer: Display: 1: FrontRight
[2022.10.09-18.17.05:563][  0]LogAudioMixer: Display: Using Audio Device DELL S2721DGF (NVIDIA High Definition Audio)
[2022.10.09-18.17.05:571][  0]LogAudioMixer: Display: Initializing Sound Submixes...
[2022.10.09-18.17.05:575][  0]LogAudioMixer: Display: Creating Master Submix 'MasterSubmixDefault'
[2022.10.09-18.17.05:575][  0]LogAudioMixer: Display: Creating Master Submix 'MasterReverbSubmixDefault'
[2022.10.09-18.17.05:577][  0]LogAudioMixer: Display: Creating Master Submix 'MasterEQSubmixDefault'
[2022.10.09-18.17.05:577][  0]LogAudioMixer: FMixerPlatformXAudio2::StartAudioStream() called
[2022.10.09-18.17.05:577][  0]LogAudioMixer: Display: Output buffers initialized: Frames=1024, Channels=2, Samples=2048
[2022.10.09-18.17.05:578][  0]LogAudioMixer: Display: Starting AudioMixerPlatformInterface::RunInternal()
[2022.10.09-18.17.05:578][  0]LogAudioMixer: Display: FMixerPlatformXAudio2::SubmitBuffer() called for the first time
[2022.10.09-18.17.05:578][  0]LogInit: FAudioDevice initialized.
[2022.10.09-18.17.05:578][  0]LogAudio: Display: Audio Device (ID: 1) registered with world 'Untitled'.
[2022.10.09-18.17.05:578][  0]LogNetVersion: Set ProjectVersion to 4.1. Version Checksum will be recalculated on next use.
[2022.10.09-18.17.05:637][  0]LogDerivedDataCache: Saved boot cache 0.06s 96MB C:/Users/sejal2/AppData/Local/UnrealEngine/4.27/DerivedDataCache/Boot.ddc.
[2022.10.09-18.17.05:637][  0]LogInit: Texture streaming: Enabled
[2022.10.09-18.17.05:652][  0]LogAnalytics: Display: [UEEditor.Rocket.Release] APIServer = https://datarouter.ol.epicgames.com/. AppVersion = 4.27.2-18319896+++UE4+Release-4.27
[2022.10.09-18.17.05:658][  0]LogEngineSessionManager: EngineSessionManager initialized
[2022.10.09-18.17.05:658][  0]LogEditorSessionSummary: Verbose: Initializing EditorSessionSummaryWriter for editor session tracking
[2022.10.09-18.17.05:665][  0]LogEditorSessionSummary: EditorSessionSummaryWriter initialized
[2022.10.09-18.17.05:695][  0]LogInit: Transaction tracking system initialized
[2022.10.09-18.17.05:719][  0]BlueprintLog: New page: Editor Load
[2022.10.09-18.17.05:793][  0]LocalizationService: Localization service is disabled
[2022.10.09-18.17.05:820][  0]TimingProfiler: Initialize
[2022.10.09-18.17.05:820][  0]TimingProfiler: OnSessionChanged
[2022.10.09-18.17.05:820][  0]LoadingProfiler: Initialize
[2022.10.09-18.17.05:820][  0]LoadingProfiler: OnSessionChanged
[2022.10.09-18.17.05:820][  0]NetworkingProfiler: Initialize
[2022.10.09-18.17.05:820][  0]NetworkingProfiler: OnSessionChanged
[2022.10.09-18.17.05:820][  0]MemoryProfiler: Initialize
[2022.10.09-18.17.05:820][  0]MemoryProfiler: OnSessionChanged
[2022.10.09-18.17.05:825][  0]LogClass: Warning: In asset 'None', there is an enum property of type 'EIOSVersion' with an invalid value of 'IOS_11'
[2022.10.09-18.17.05:825][  0]LogObj: Error: LoadConfig (/Script/IOSRuntimeSettings.Default__IOSRuntimeSettings): import failed for MinimumiOSVersion in: IOS_11
[2022.10.09-18.17.05:992][  0]LogCook: Display: CookSettings for Memory: MemoryMaxUsedVirtual 0MiB, MemoryMaxUsedPhysical 16384MiB, MemoryMinFreeVirtual 0MiB, MemoryMinFreePhysical 1024MiB
[2022.10.09-18.17.05:992][  0]LogCook: Display: Mobile HDR setting 1
[2022.10.09-18.17.06:213][  0]LogFileCache: Scanning file cache for directory 'C:/Users/sejal2/Documents/level-design/UnrealLearningKit/Content/' took 0.02s
[2022.10.09-18.17.06:438][  0]LogInit: Display: Engine is initialized. Leaving FEngineLoop::Init()
[2022.10.09-18.17.06:444][  0]SourceControl: Source control is disabled
[2022.10.09-18.17.06:444][  0]LogUnrealEdMisc: Loading editor; pre map load, took 8.592
[2022.10.09-18.17.06:445][  0]Cmd: MAP LOAD FILE="../../../../../../Users/sejal2/Documents/level-design/UnrealLearningKit/Content/LearningKit_Games/Maps/LearningKit_Games_Showcase.umap" TEMPLATE=0 SHOWPROGRESS=1 FEATURELEVEL=3
[2022.10.09-18.17.06:445][  0]LightingResults: New page: Lighting Build
[2022.10.09-18.17.06:447][  0]LogWorld: UWorld::CleanupWorld for Untitled, bSessionEnded=true, bCleanupResources=true
[2022.10.09-18.17.06:447][  0]LogSlate: InvalidateAllWidgets triggered.  All widgets were invalidated
[2022.10.09-18.17.06:447][  0]MapCheck: New page: Map Check
[2022.10.09-18.17.06:447][  0]LightingResults: New page: Lighting Build
[2022.10.09-18.17.06:451][  0]LogAudio: Display: Audio Device unregistered from world 'None'.
[2022.10.09-18.17.06:454][  0]LogUObjectHash: Compacting FUObjectHashTables data took   0.82ms
[2022.10.09-18.17.07:757][  0]LogTemp: Display: Loading shader for Niagara script VFX_Pollen/HangingParticulates/ParticleGPUComputeScript from DDC failed. Shader needs recompile.
[2022.10.09-18.17.07:797][  0]LogAudio: Display: Audio Device (ID: 1) registered with world 'LearningKit_Games_Showcase'.
[2022.10.09-18.17.07:798][  0]LogAIModule: Creating AISystem for world LearningKit_Games_Showcase
[2022.10.09-18.17.09:759][  0]LogEditorServer: Finished looking for orphan Actors (0.000 secs)
[2022.10.09-18.17.09:774][  0]LogUObjectHash: Compacting FUObjectHashTables data took   1.26ms
[2022.10.09-18.17.09:775][  0]Cmd: MAP CHECKDEP NOCLEARLOG
[2022.10.09-18.17.09:775][  0]MapCheck: Map check complete: 0 Error(s), 0 Warning(s), took 0.209ms to complete.
[2022.10.09-18.17.09:775][  0]LogFileHelpers: Loading map 'LearningKit_Games_Showcase' took 3.330
[2022.10.09-18.17.09:777][  0]LogUnrealEdMisc: Total Editor Startup Time, took 11.924
[2022.10.09-18.17.09:907][  0]LogSlate: Updating window title bar state: overlay mode, drag disabled, window buttons hidden, title bar hidden
[2022.10.09-18.17.09:913][  0]LogSlate: Updating window title bar state: overlay mode, drag disabled, window buttons hidden, title bar hidden
[2022.10.09-18.17.09:919][  0]LogSlate: Updating window title bar state: overlay mode, drag disabled, window buttons hidden, title bar hidden
[2022.10.09-18.17.09:925][  0]LogSlate: Updating window title bar state: overlay mode, drag disabled, window buttons hidden, title bar hidden
[2022.10.09-18.17.09:943][  0]LogNativeClassHierarchy: Verbose: Native class hierarchy populated in 0.0097 seconds. Added 3822 classes and 928 folders.
[2022.10.09-18.17.09:945][  0]LogNativeClassHierarchy: Verbose: Native class hierarchy updated for 'WidgetCarousel' in 0.0003 seconds. Added 0 classes and 0 folders.
[2022.10.09-18.17.09:947][  0]LogPakFile: PakFile PrimaryIndexSize=187
[2022.10.09-18.17.09:947][  0]LogPakFile: PakFile PathHashIndexSize=101
[2022.10.09-18.17.09:947][  0]LogPakFile: PakFile FullDirectoryIndexSize=148
[2022.10.09-18.17.09:947][  0]LogShaderLibrary: Display: ShaderCodeLibraryPakFileMountedCallback: PakFile 'C:/Program Files/Epic Games/UE_4.27/FeaturePacks/FP_FirstPerson.upack' (chunk index -1, root 'root:/') mounted
[2022.10.09-18.17.09:947][  0]LogShaderLibrary: Display: ShaderCodeLibraryPakFileMountedCallback: pending pak file info (ChunkID:-1 Root:root:/ File:C:/Program Files/Epic Games/UE_4.27/FeaturePacks/FP_FirstPerson.upack)
[2022.10.09-18.17.09:947][  0]LogPakFile: OnPakFileMounted2Time == 0.000059
[2022.10.09-18.17.09:947][  0]LogPakFile: PakFile PrimaryIndexSize=189
[2022.10.09-18.17.09:947][  0]LogPakFile: PakFile PathHashIndexSize=101
[2022.10.09-18.17.09:947][  0]LogPakFile: PakFile FullDirectoryIndexSize=152
[2022.10.09-18.17.09:947][  0]LogShaderLibrary: Display: ShaderCodeLibraryPakFileMountedCallback: PakFile 'C:/Program Files/Epic Games/UE_4.27/FeaturePacks/FP_FirstPersonBP.upack' (chunk index -1, root 'root:/') mounted
[2022.10.09-18.17.09:947][  0]LogShaderLibrary: Display: ShaderCodeLibraryPakFileMountedCallback: pending pak file info (ChunkID:-1 Root:root:/ File:C:/Program Files/Epic Games/UE_4.27/FeaturePacks/FP_FirstPersonBP.upack)
[2022.10.09-18.17.09:947][  0]LogPakFile: OnPakFileMounted2Time == 0.000041
[2022.10.09-18.17.09:948][  0]LogPakFile: PakFile PrimaryIndexSize=191
[2022.10.09-18.17.09:948][  0]LogPakFile: PakFile PathHashIndexSize=101
[2022.10.09-18.17.09:948][  0]LogPakFile: PakFile FullDirectoryIndexSize=160
[2022.10.09-18.17.09:948][  0]LogShaderLibrary: Display: ShaderCodeLibraryPakFileMountedCallback: PakFile 'C:/Program Files/Epic Games/UE_4.27/FeaturePacks/MobileStarterContent.upack' (chunk index -1, root 'root:/') mounted
[2022.10.09-18.17.09:948][  0]LogShaderLibrary: Display: ShaderCodeLibraryPakFileMountedCallback: pending pak file info (ChunkID:-1 Root:root:/ File:C:/Program Files/Epic Games/UE_4.27/FeaturePacks/MobileStarterContent.upack)
[2022.10.09-18.17.09:948][  0]LogPakFile: OnPakFileMounted2Time == 0.000037
[2022.10.09-18.17.09:949][  0]LogPakFile: PakFile PrimaryIndexSize=185
[2022.10.09-18.17.09:949][  0]LogPakFile: PakFile PathHashIndexSize=101
[2022.10.09-18.17.09:949][  0]LogPakFile: PakFile FullDirectoryIndexSize=148
[2022.10.09-18.17.09:949][  0]LogShaderLibrary: Display: ShaderCodeLibraryPakFileMountedCallback: PakFile 'C:/Program Files/Epic Games/UE_4.27/FeaturePacks/StarterContent.upack' (chunk index -1, root 'root:/') mounted
[2022.10.09-18.17.09:949][  0]LogShaderLibrary: Display: ShaderCodeLibraryPakFileMountedCallback: pending pak file info (ChunkID:-1 Root:root:/ File:C:/Program Files/Epic Games/UE_4.27/FeaturePacks/StarterContent.upack)
[2022.10.09-18.17.09:949][  0]LogPakFile: OnPakFileMounted2Time == 0.000038
[2022.10.09-18.17.09:950][  0]LogPakFile: PakFile PrimaryIndexSize=190
[2022.10.09-18.17.09:950][  0]LogPakFile: PakFile PathHashIndexSize=101
[2022.10.09-18.17.09:950][  0]LogPakFile: PakFile FullDirectoryIndexSize=154
[2022.10.09-18.17.09:950][  0]LogShaderLibrary: Display: ShaderCodeLibraryPakFileMountedCallback: PakFile 'C:/Program Files/Epic Games/UE_4.27/FeaturePacks/TP_2DSideScroller.upack' (chunk index -1, root 'root:/') mounted
[2022.10.09-18.17.09:950][  0]LogShaderLibrary: Display: ShaderCodeLibraryPakFileMountedCallback: pending pak file info (ChunkID:-1 Root:root:/ File:C:/Program Files/Epic Games/UE_4.27/FeaturePacks/TP_2DSideScroller.upack)
[2022.10.09-18.17.09:950][  0]LogPakFile: OnPakFileMounted2Time == 0.000037
[2022.10.09-18.17.09:950][  0]LogPakFile: PakFile PrimaryIndexSize=192
[2022.10.09-18.17.09:950][  0]LogPakFile: PakFile PathHashIndexSize=101
[2022.10.09-18.17.09:950][  0]LogPakFile: PakFile FullDirectoryIndexSize=158
[2022.10.09-18.17.09:950][  0]LogShaderLibrary: Display: ShaderCodeLibraryPakFileMountedCallback: PakFile 'C:/Program Files/Epic Games/UE_4.27/FeaturePacks/TP_2DSideScrollerBP.upack' (chunk index -1, root 'root:/') mounted
[2022.10.09-18.17.09:950][  0]LogShaderLibrary: Display: ShaderCodeLibraryPakFileMountedCallback: pending pak file info (ChunkID:-1 Root:root:/ File:C:/Program Files/Epic Games/UE_4.27/FeaturePacks/TP_2DSideScrollerBP.upack)
[2022.10.09-18.17.09:950][  0]LogPakFile: OnPakFileMounted2Time == 0.000036
[2022.10.09-18.17.09:951][  0]LogPakFile: PakFile PrimaryIndexSize=182
[2022.10.09-18.17.09:951][  0]LogPakFile: PakFile PathHashIndexSize=101
[2022.10.09-18.17.09:951][  0]LogPakFile: PakFile FullDirectoryIndexSize=138
[2022.10.09-18.17.09:951][  0]LogShaderLibrary: Display: ShaderCodeLibraryPakFileMountedCallback: PakFile 'C:/Program Files/Epic Games/UE_4.27/FeaturePacks/TP_Flying.upack' (chunk index -1, root 'root:/') mounted
[2022.10.09-18.17.09:951][  0]LogShaderLibrary: Display: ShaderCodeLibraryPakFileMountedCallback: pending pak file info (ChunkID:-1 Root:root:/ File:C:/Program Files/Epic Games/UE_4.27/FeaturePacks/TP_Flying.upack)
[2022.10.09-18.17.09:951][  0]LogPakFile: OnPakFileMounted2Time == 0.000037
[2022.10.09-18.17.09:952][  0]LogPakFile: PakFile PrimaryIndexSize=184
[2022.10.09-18.17.09:952][  0]LogPakFile: PakFile PathHashIndexSize=101
[2022.10.09-18.17.09:952][  0]LogPakFile: PakFile FullDirectoryIndexSize=142
[2022.10.09-18.17.09:952][  0]LogShaderLibrary: Display: ShaderCodeLibraryPakFileMountedCallback: PakFile 'C:/Program Files/Epic Games/UE_4.27/FeaturePacks/TP_FlyingBP.upack' (chunk index -1, root 'root:/') mounted
[2022.10.09-18.17.09:952][  0]LogShaderLibrary: Display: ShaderCodeLibraryPakFileMountedCallback: pending pak file info (ChunkID:-1 Root:root:/ File:C:/Program Files/Epic Games/UE_4.27/FeaturePacks/TP_FlyingBP.upack)
[2022.10.09-18.17.09:952][  0]LogPakFile: OnPakFileMounted2Time == 0.000036
[2022.10.09-18.17.09:952][  0]LogPakFile: PakFile PrimaryIndexSize=188
[2022.10.09-18.17.09:952][  0]LogPakFile: PakFile PathHashIndexSize=101
[2022.10.09-18.17.09:952][  0]LogPakFile: PakFile FullDirectoryIndexSize=150
[2022.10.09-18.17.09:952][  0]LogShaderLibrary: Display: ShaderCodeLibraryPakFileMountedCallback: PakFile 'C:/Program Files/Epic Games/UE_4.27/FeaturePacks/TP_HandheldARBP.upack' (chunk index -1, root 'root:/') mounted
[2022.10.09-18.17.09:952][  0]LogShaderLibrary: Display: ShaderCodeLibraryPakFileMountedCallback: pending pak file info (ChunkID:-1 Root:root:/ File:C:/Program Files/Epic Games/UE_4.27/FeaturePacks/TP_HandheldARBP.upack)
[2022.10.09-18.17.09:952][  0]LogPakFile: OnPakFileMounted2Time == 0.000037
[2022.10.09-18.17.09:953][  0]LogPakFile: PakFile PrimaryIndexSize=182
[2022.10.09-18.17.09:953][  0]LogPakFile: PakFile PathHashIndexSize=101
[2022.10.09-18.17.09:953][  0]LogPakFile: PakFile FullDirectoryIndexSize=138
[2022.10.09-18.17.09:953][  0]LogShaderLibrary: Display: ShaderCodeLibraryPakFileMountedCallback: PakFile 'C:/Program Files/Epic Games/UE_4.27/FeaturePacks/TP_Puzzle.upack' (chunk index -1, root 'root:/') mounted
[2022.10.09-18.17.09:954][  0]LogShaderLibrary: Display: ShaderCodeLibraryPakFileMountedCallback: pending pak file info (ChunkID:-1 Root:root:/ File:C:/Program Files/Epic Games/UE_4.27/FeaturePacks/TP_Puzzle.upack)
[2022.10.09-18.17.09:954][  0]LogPakFile: OnPakFileMounted2Time == 0.000056
[2022.10.09-18.17.09:954][  0]LogPakFile: PakFile PrimaryIndexSize=184
[2022.10.09-18.17.09:954][  0]LogPakFile: PakFile PathHashIndexSize=101
[2022.10.09-18.17.09:954][  0]LogPakFile: PakFile FullDirectoryIndexSize=142
[2022.10.09-18.17.09:954][  0]LogShaderLibrary: Display: ShaderCodeLibraryPakFileMountedCallback: PakFile 'C:/Program Files/Epic Games/UE_4.27/FeaturePacks/TP_PuzzleBP.upack' (chunk index -1, root 'root:/') mounted
[2022.10.09-18.17.09:954][  0]LogShaderLibrary: Display: ShaderCodeLibraryPakFileMountedCallback: pending pak file info (ChunkID:-1 Root:root:/ File:C:/Program Files/Epic Games/UE_4.27/FeaturePacks/TP_PuzzleBP.upack)
[2022.10.09-18.17.09:954][  0]LogPakFile: OnPakFileMounted2Time == 0.000070
[2022.10.09-18.17.09:955][  0]LogPakFile: PakFile PrimaryIndexSize=183
[2022.10.09-18.17.09:955][  0]LogPakFile: PakFile PathHashIndexSize=101
[2022.10.09-18.17.09:955][  0]LogPakFile: PakFile FullDirectoryIndexSize=140
[2022.10.09-18.17.09:955][  0]LogShaderLibrary: Display: ShaderCodeLibraryPakFileMountedCallback: PakFile 'C:/Program Files/Epic Games/UE_4.27/FeaturePacks/TP_Rolling.upack' (chunk index -1, root 'root:/') mounted
[2022.10.09-18.17.09:955][  0]LogShaderLibrary: Display: ShaderCodeLibraryPakFileMountedCallback: pending pak file info (ChunkID:-1 Root:root:/ File:C:/Program Files/Epic Games/UE_4.27/FeaturePacks/TP_Rolling.upack)
[2022.10.09-18.17.09:955][  0]LogPakFile: OnPakFileMounted2Time == 0.000037
[2022.10.09-18.17.09:956][  0]LogPakFile: PakFile PrimaryIndexSize=185
[2022.10.09-18.17.09:956][  0]LogPakFile: PakFile PathHashIndexSize=101
[2022.10.09-18.17.09:956][  0]LogPakFile: PakFile FullDirectoryIndexSize=144
[2022.10.09-18.17.09:956][  0]LogShaderLibrary: Display: ShaderCodeLibraryPakFileMountedCallback: PakFile 'C:/Program Files/Epic Games/UE_4.27/FeaturePacks/TP_RollingBP.upack' (chunk index -1, root 'root:/') mounted
[2022.10.09-18.17.09:956][  0]LogShaderLibrary: Display: ShaderCodeLibraryPakFileMountedCallback: pending pak file info (ChunkID:-1 Root:root:/ File:C:/Program Files/Epic Games/UE_4.27/FeaturePacks/TP_RollingBP.upack)
[2022.10.09-18.17.09:956][  0]LogPakFile: OnPakFileMounted2Time == 0.000058
[2022.10.09-18.17.09:957][  0]LogPakFile: PakFile PrimaryIndexSize=188
[2022.10.09-18.17.09:957][  0]LogPakFile: PakFile PathHashIndexSize=101
[2022.10.09-18.17.09:957][  0]LogPakFile: PakFile FullDirectoryIndexSize=150
[2022.10.09-18.17.09:957][  0]LogShaderLibrary: Display: ShaderCodeLibraryPakFileMountedCallback: PakFile 'C:/Program Files/Epic Games/UE_4.27/FeaturePacks/TP_SideScroller.upack' (chunk index -1, root 'root:/') mounted
[2022.10.09-18.17.09:957][  0]LogShaderLibrary: Display: ShaderCodeLibraryPakFileMountedCallback: pending pak file info (ChunkID:-1 Root:root:/ File:C:/Program Files/Epic Games/UE_4.27/FeaturePacks/TP_SideScroller.upack)
[2022.10.09-18.17.09:957][  0]LogPakFile: OnPakFileMounted2Time == 0.000038
[2022.10.09-18.17.09:958][  0]LogPakFile: PakFile PrimaryIndexSize=190
[2022.10.09-18.17.09:958][  0]LogPakFile: PakFile PathHashIndexSize=101
[2022.10.09-18.17.09:958][  0]LogPakFile: PakFile FullDirectoryIndexSize=154
[2022.10.09-18.17.09:958][  0]LogShaderLibrary: Display: ShaderCodeLibraryPakFileMountedCallback: PakFile 'C:/Program Files/Epic Games/UE_4.27/FeaturePacks/TP_SideScrollerBP.upack' (chunk index -1, root 'root:/') mounted
[2022.10.09-18.17.09:958][  0]LogShaderLibrary: Display: ShaderCodeLibraryPakFileMountedCallback: pending pak file info (ChunkID:-1 Root:root:/ File:C:/Program Files/Epic Games/UE_4.27/FeaturePacks/TP_SideScrollerBP.upack)
[2022.10.09-18.17.09:958][  0]LogPakFile: OnPakFileMounted2Time == 0.000068
[2022.10.09-18.17.09:959][  0]LogPakFile: PakFile PrimaryIndexSize=187
[2022.10.09-18.17.09:959][  0]LogPakFile: PakFile PathHashIndexSize=101
[2022.10.09-18.17.09:959][  0]LogPakFile: PakFile FullDirectoryIndexSize=148
[2022.10.09-18.17.09:959][  0]LogShaderLibrary: Display: ShaderCodeLibraryPakFileMountedCallback: PakFile 'C:/Program Files/Epic Games/UE_4.27/FeaturePacks/TP_ThirdPerson.upack' (chunk index -1, root 'root:/') mounted
[2022.10.09-18.17.09:959][  0]LogShaderLibrary: Display: ShaderCodeLibraryPakFileMountedCallback: pending pak file info (ChunkID:-1 Root:root:/ File:C:/Program Files/Epic Games/UE_4.27/FeaturePacks/TP_ThirdPerson.upack)
[2022.10.09-18.17.09:959][  0]LogPakFile: OnPakFileMounted2Time == 0.000038
[2022.10.09-18.17.09:960][  0]LogPakFile: PakFile PrimaryIndexSize=189
[2022.10.09-18.17.09:960][  0]LogPakFile: PakFile PathHashIndexSize=101
[2022.10.09-18.17.09:960][  0]LogPakFile: PakFile FullDirectoryIndexSize=152
[2022.10.09-18.17.09:960][  0]LogShaderLibrary: Display: ShaderCodeLibraryPakFileMountedCallback: PakFile 'C:/Program Files/Epic Games/UE_4.27/FeaturePacks/TP_ThirdPersonBP.upack' (chunk index -1, root 'root:/') mounted
[2022.10.09-18.17.09:960][  0]LogShaderLibrary: Display: ShaderCodeLibraryPakFileMountedCallback: pending pak file info (ChunkID:-1 Root:root:/ File:C:/Program Files/Epic Games/UE_4.27/FeaturePacks/TP_ThirdPersonBP.upack)
[2022.10.09-18.17.09:960][  0]LogPakFile: OnPakFileMounted2Time == 0.000037
[2022.10.09-18.17.09:960][  0]LogPakFile: PakFile PrimaryIndexSize=183
[2022.10.09-18.17.09:960][  0]LogPakFile: PakFile PathHashIndexSize=101
[2022.10.09-18.17.09:960][  0]LogPakFile: PakFile FullDirectoryIndexSize=140
[2022.10.09-18.17.09:960][  0]LogShaderLibrary: Display: ShaderCodeLibraryPakFileMountedCallback: PakFile 'C:/Program Files/Epic Games/UE_4.27/FeaturePacks/TP_TopDown.upack' (chunk index -1, root 'root:/') mounted
[2022.10.09-18.17.09:960][  0]LogShaderLibrary: Display: ShaderCodeLibraryPakFileMountedCallback: pending pak file info (ChunkID:-1 Root:root:/ File:C:/Program Files/Epic Games/UE_4.27/FeaturePacks/TP_TopDown.upack)
[2022.10.09-18.17.09:960][  0]LogPakFile: OnPakFileMounted2Time == 0.000045
[2022.10.09-18.17.09:961][  0]LogPakFile: PakFile PrimaryIndexSize=185
[2022.10.09-18.17.09:961][  0]LogPakFile: PakFile PathHashIndexSize=101
[2022.10.09-18.17.09:961][  0]LogPakFile: PakFile FullDirectoryIndexSize=144
[2022.10.09-18.17.09:961][  0]LogShaderLibrary: Display: ShaderCodeLibraryPakFileMountedCallback: PakFile 'C:/Program Files/Epic Games/UE_4.27/FeaturePacks/TP_TopDownBP.upack' (chunk index -1, root 'root:/') mounted
[2022.10.09-18.17.09:961][  0]LogShaderLibrary: Display: ShaderCodeLibraryPakFileMountedCallback: pending pak file info (ChunkID:-1 Root:root:/ File:C:/Program Files/Epic Games/UE_4.27/FeaturePacks/TP_TopDownBP.upack)
[2022.10.09-18.17.09:961][  0]LogPakFile: OnPakFileMounted2Time == 0.000038
[2022.10.09-18.17.09:962][  0]LogPakFile: PakFile PrimaryIndexSize=185
[2022.10.09-18.17.09:962][  0]LogPakFile: PakFile PathHashIndexSize=101
[2022.10.09-18.17.09:962][  0]LogPakFile: PakFile FullDirectoryIndexSize=144
[2022.10.09-18.17.09:962][  0]LogShaderLibrary: Display: ShaderCodeLibraryPakFileMountedCallback: PakFile 'C:/Program Files/Epic Games/UE_4.27/FeaturePacks/TP_TwinStick.upack' (chunk index -1, root 'root:/') mounted
[2022.10.09-18.17.09:962][  0]LogShaderLibrary: Display: ShaderCodeLibraryPakFileMountedCallback: pending pak file info (ChunkID:-1 Root:root:/ File:C:/Program Files/Epic Games/UE_4.27/FeaturePacks/TP_TwinStick.upack)
[2022.10.09-18.17.09:962][  0]LogPakFile: OnPakFileMounted2Time == 0.000036
[2022.10.09-18.17.09:963][  0]LogPakFile: PakFile PrimaryIndexSize=187
[2022.10.09-18.17.09:963][  0]LogPakFile: PakFile PathHashIndexSize=101
[2022.10.09-18.17.09:963][  0]LogPakFile: PakFile FullDirectoryIndexSize=148
[2022.10.09-18.17.09:963][  0]LogShaderLibrary: Display: ShaderCodeLibraryPakFileMountedCallback: PakFile 'C:/Program Files/Epic Games/UE_4.27/FeaturePacks/TP_TwinStickBP.upack' (chunk index -1, root 'root:/') mounted
[2022.10.09-18.17.09:963][  0]LogShaderLibrary: Display: ShaderCodeLibraryPakFileMountedCallback: pending pak file info (ChunkID:-1 Root:root:/ File:C:/Program Files/Epic Games/UE_4.27/FeaturePacks/TP_TwinStickBP.upack)
[2022.10.09-18.17.09:963][  0]LogPakFile: OnPakFileMounted2Time == 0.000036
[2022.10.09-18.17.09:963][  0]LogPakFile: PakFile PrimaryIndexSize=183
[2022.10.09-18.17.09:963][  0]LogPakFile: PakFile PathHashIndexSize=101
[2022.10.09-18.17.09:963][  0]LogPakFile: PakFile FullDirectoryIndexSize=140
[2022.10.09-18.17.09:963][  0]LogShaderLibrary: Display: ShaderCodeLibraryPakFileMountedCallback: PakFile 'C:/Program Files/Epic Games/UE_4.27/FeaturePacks/TP_Vehicle.upack' (chunk index -1, root 'root:/') mounted
[2022.10.09-18.17.09:963][  0]LogShaderLibrary: Display: ShaderCodeLibraryPakFileMountedCallback: pending pak file info (ChunkID:-1 Root:root:/ File:C:/Program Files/Epic Games/UE_4.27/FeaturePacks/TP_Vehicle.upack)
[2022.10.09-18.17.09:963][  0]LogPakFile: OnPakFileMounted2Time == 0.000037
[2022.10.09-18.17.09:964][  0]LogPakFile: PakFile PrimaryIndexSize=186
[2022.10.09-18.17.09:964][  0]LogPakFile: PakFile PathHashIndexSize=101
[2022.10.09-18.17.09:964][  0]LogPakFile: PakFile FullDirectoryIndexSize=146
[2022.10.09-18.17.09:964][  0]LogShaderLibrary: Display: ShaderCodeLibraryPakFileMountedCallback: PakFile 'C:/Program Files/Epic Games/UE_4.27/FeaturePacks/TP_VehicleAdv.upack' (chunk index -1, root 'root:/') mounted
[2022.10.09-18.17.09:964][  0]LogShaderLibrary: Display: ShaderCodeLibraryPakFileMountedCallback: pending pak file info (ChunkID:-1 Root:root:/ File:C:/Program Files/Epic Games/UE_4.27/FeaturePacks/TP_VehicleAdv.upack)
[2022.10.09-18.17.09:964][  0]LogPakFile: OnPakFileMounted2Time == 0.000038
[2022.10.09-18.17.09:965][  0]LogPakFile: PakFile PrimaryIndexSize=188
[2022.10.09-18.17.09:965][  0]LogPakFile: PakFile PathHashIndexSize=101
[2022.10.09-18.17.09:965][  0]LogPakFile: PakFile FullDirectoryIndexSize=150
[2022.10.09-18.17.09:965][  0]LogShaderLibrary: Display: ShaderCodeLibraryPakFileMountedCallback: PakFile 'C:/Program Files/Epic Games/UE_4.27/FeaturePacks/TP_VehicleAdvBP.upack' (chunk index -1, root 'root:/') mounted
[2022.10.09-18.17.09:965][  0]LogShaderLibrary: Display: ShaderCodeLibraryPakFileMountedCallback: pending pak file info (ChunkID:-1 Root:root:/ File:C:/Program Files/Epic Games/UE_4.27/FeaturePacks/TP_VehicleAdvBP.upack)
[2022.10.09-18.17.09:965][  0]LogPakFile: OnPakFileMounted2Time == 0.000036
[2022.10.09-18.17.09:966][  0]LogPakFile: PakFile PrimaryIndexSize=185
[2022.10.09-18.17.09:966][  0]LogPakFile: PakFile PathHashIndexSize=101
[2022.10.09-18.17.09:966][  0]LogPakFile: PakFile FullDirectoryIndexSize=144
[2022.10.09-18.17.09:966][  0]LogShaderLibrary: Display: ShaderCodeLibraryPakFileMountedCallback: PakFile 'C:/Program Files/Epic Games/UE_4.27/FeaturePacks/TP_VehicleBP.upack' (chunk index -1, root 'root:/') mounted
[2022.10.09-18.17.09:966][  0]LogShaderLibrary: Display: ShaderCodeLibraryPakFileMountedCallback: pending pak file info (ChunkID:-1 Root:root:/ File:C:/Program Files/Epic Games/UE_4.27/FeaturePacks/TP_VehicleBP.upack)
[2022.10.09-18.17.09:966][  0]LogPakFile: OnPakFileMounted2Time == 0.000037
[2022.10.09-18.17.09:966][  0]LogPakFile: PakFile PrimaryIndexSize=192
[2022.10.09-18.17.09:966][  0]LogPakFile: PakFile PathHashIndexSize=101
[2022.10.09-18.17.09:966][  0]LogPakFile: PakFile FullDirectoryIndexSize=158
[2022.10.09-18.17.09:966][  0]LogShaderLibrary: Display: ShaderCodeLibraryPakFileMountedCallback: PakFile 'C:/Program Files/Epic Games/UE_4.27/FeaturePacks/TP_VirtualRealityBP.upack' (chunk index -1, root 'root:/') mounted
[2022.10.09-18.17.09:966][  0]LogShaderLibrary: Display: ShaderCodeLibraryPakFileMountedCallback: pending pak file info (ChunkID:-1 Root:root:/ File:C:/Program Files/Epic Games/UE_4.27/FeaturePacks/TP_VirtualRealityBP.upack)
[2022.10.09-18.17.09:966][  0]LogPakFile: OnPakFileMounted2Time == 0.000037
[2022.10.09-18.17.10:052][  0]LogNativeClassHierarchy: Verbose: Native class hierarchy updated for 'AddContentDialog' in 0.0004 seconds. Added 0 classes and 0 folders.
[2022.10.09-18.17.10:053][  0]LogNativeClassHierarchy: Verbose: Native class hierarchy updated for 'SceneOutliner' in 0.0003 seconds. Added 2 classes and 0 folders.
[2022.10.09-18.17.10:105][  0]LogSlate: Took 0.000261 seconds to synchronously load lazily loaded font '../../../Engine/Content/Slate/Fonts/Roboto-Regular.ttf' (155K)
[2022.10.09-18.17.10:107][  0]LogSlate: Took 0.000241 seconds to synchronously load lazily loaded font '../../../Engine/Content/Editor/Slate/Fonts/FontAwesome.ttf' (139K)
[2022.10.09-18.17.10:107][  0]LogSlate: Took 0.000206 seconds to synchronously load lazily loaded font '../../../Engine/Content/Slate/Fonts/Roboto-Bold.ttf' (160K)
[2022.10.09-18.17.10:232][  0]LogRenderer: Reallocating scene render targets to support 1616x808 Format 10 NumSamples 1 (Frame:1).
[2022.10.09-18.17.10:250][  0]LogStaticMesh: Allocated 512x217x128 distance field atlas = 27.1Mb, with 84 objects containing 17.2Mb backing data
[2022.10.09-18.17.10:780][  0]LogNativeClassHierarchy: Verbose: Native class hierarchy updated for 'HierarchicalLODOutliner' in 0.0003 seconds. Added 0 classes and 0 folders.
[2022.10.09-18.17.10:780][  0]LogInput: Warning: Action Jump uses invalid key OculusGo_Left_Trigger_Click.
[2022.10.09-18.17.10:780][  0]LogInput: Warning: Action ResetVR uses invalid key OculusGo_Left_Trackpad_Click.
[2022.10.09-18.17.10:780][  0]LogInput: Warning: Use -RemoveInvalidKeys to remove instances of these keys from the action mapping.
[2022.10.09-18.17.10:780][  0]LogLoad: (Engine Initialization) Total time: 12.93 seconds
[2022.10.09-18.17.10:780][  0]LogLoad: (Engine Initialization) Total Blueprint compile time: 0.00 seconds
[2022.10.09-18.17.10:810][  0]LogNiagaraShaderCompiler: Verbose: Adding niagara gpu shader compile job... VFX_Pollen/HangingParticulates/ParticleGPUComputeScript/FNiagaraShader/0
[2022.10.09-18.17.10:813][  0]LogShaderCompilers: Display: Submitted 1 shader compile jobs with 'Normal' priority
[2022.10.09-18.17.10:860][  0]LogShaderCompilers: Display: Worker (1/5): shaders left to compile 1
[2022.10.09-18.17.10:860][  0]LogShaderCompilers: Display: Started 1 'Local' shader compile jobs with 'Normal' priority
[2022.10.09-18.17.10:860][  0]LogContentStreaming: Texture pool size now 1000 MB
[2022.10.09-18.17.10:893][  1]LogAssetRegistry: Asset discovery search completed in 8.4734 seconds
[2022.10.09-18.17.10:901][  1]LogCollectionManager: Fixed up redirectors for 0 collections in 0.000005 seconds (updated 0 objects)
[2022.10.09-18.17.12:149][ 72]LogNiagaraShaderCompiler: Verbose: GPU shader compile succeeded. Id 3
[2022.10.09-18.17.12:149][ 72]LogNiagaraShaderCompiler: Verbose: Shader compile job "VFX_Pollen/HangingParticulates/ParticleGPUComputeScript/FNiagaraShader/0" completed.
[2022.10.09-18.17.15:105][368]LogSlate: Took 0.000284 seconds to synchronously load lazily loaded font '../../../Engine/Content/Slate/Fonts/Roboto-Light.ttf' (167K)
[2022.10.09-18.17.16:444][504]LogUObjectHash: Compacting FUObjectHashTables data took   0.78ms
[2022.10.09-18.17.16:445][504]Cmd: MAP LOAD FILE="../../../../../../Users/sejal2/Documents/level-design/UnrealLearningKit/Content/MP2Level.umap" TEMPLATE=0 SHOWPROGRESS=1 FEATURELEVEL=3
[2022.10.09-18.17.16:448][504]LogSlate: Took 0.000223 seconds to synchronously load lazily loaded font '../../../Engine/Content/Slate/Fonts/Roboto-Light.ttf' (167K)
[2022.10.09-18.17.16:469][504]LightingResults: New page: Lighting Build
[2022.10.09-18.17.16:469][504]LoadErrors: New page: Loading map: MP2Level.umap
[2022.10.09-18.17.16:504][504]LogWorld: UWorld::CleanupWorld for LearningKit_Games_Showcase, bSessionEnded=true, bCleanupResources=true
[2022.10.09-18.17.16:504][504]LogSlate: InvalidateAllWidgets triggered.  All widgets were invalidated
[2022.10.09-18.17.16:504][504]MapCheck: New page: Map Check
[2022.10.09-18.17.16:504][504]LightingResults: New page: Lighting Build
[2022.10.09-18.17.16:511][504]LogAudio: Display: Audio Device unregistered from world 'None'.
[2022.10.09-18.17.16:517][504]LogUObjectHash: Compacting FUObjectHashTables data took   0.94ms
[2022.10.09-18.17.16:758][504]LogAudio: Display: Audio Device (ID: 1) registered with world 'MP2Level'.
[2022.10.09-18.17.16:759][504]LogAIModule: Creating AISystem for world MP2Level
[2022.10.09-18.17.16:766][504]LogEditorServer: Finished looking for orphan Actors (0.000 secs)
[2022.10.09-18.17.16:780][504]LogUObjectHash: Compacting FUObjectHashTables data took   1.14ms
[2022.10.09-18.17.16:792][504]Cmd: MAP CHECKDEP NOCLEARLOG
[2022.10.09-18.17.16:792][504]MapCheck: Map check complete: 0 Error(s), 0 Warning(s), took 0.154ms to complete.
[2022.10.09-18.17.16:792][504]LogFileHelpers: Loading map 'MP2Level' took 0.347
[2022.10.09-18.17.16:793][504]LogSlate: Window 'Open Level' being destroyed
